#
# There is insufficient memory for the Java Runtime Environment to continue.
# Native memory allocation (malloc) failed to allocate 36336 bytes for Chunk::new
# Possible reasons:
#   The system is out of physical RAM or swap space
#   The process is running with CompressedOops enabled, and the Java Heap may be blocking the growth of the native heap
# Possible solutions:
#   Reduce memory load on the system
#   Increase physical memory or swap space
#   Check if swap backing store is full
#   Decrease Java heap size (-Xmx/-Xms)
#   Decrease number of Java threads
#   Decrease Java thread stack sizes (-Xss)
#   Set larger code cache with -XX:ReservedCodeCacheSize=
#   JVM is running with Unscaled Compressed Oops mode in which the Java heap is
#     placed in the first 4GB address space. The Java Heap base address is the
#     maximum limit for the native heap growth. Please use -XX:HeapBaseMinAddress
#     to set the Java Heap base and to place the Java Heap above 4GB virtual address.
# This output file may be truncated or incomplete.
#
#  Out of Memory Error (arena.cpp:168), pid=47780, tid=41648
#
# JRE version: Java(TM) SE Runtime Environment (21.0.9+7) (build 21.0.9+7-LTS-338)
# Java VM: Java HotSpot(TM) 64-Bit Server VM (21.0.9+7-LTS-338, mixed mode, sharing, tiered, compressed oops, compressed class ptrs, g1 gc, windows-amd64)
# No core dump will be written. Minidumps are not enabled by default on client versions of Windows
#

---------------  S U M M A R Y ------------

Command Line: --add-opens=java.base/java.util=ALL-UNNAMED --add-opens=java.base/java.lang=ALL-UNNAMED --add-opens=java.base/java.lang.invoke=ALL-UNNAMED --add-opens=java.prefs/java.util.prefs=ALL-UNNAMED --add-exports=jdk.compiler/com.sun.tools.javac.api=ALL-UNNAMED --add-exports=jdk.compiler/com.sun.tools.javac.util=ALL-UNNAMED --add-opens=java.base/java.nio.charset=ALL-UNNAMED --add-opens=java.base/java.net=ALL-UNNAMED --add-opens=java.base/java.util.concurrent.atomic=ALL-UNNAMED -XX:MaxMetaspaceSize=384m -XX:+HeapDumpOnOutOfMemoryError -Xms256m -Xmx512m -Dfile.encoding=utf8 -Duser.country=CN -Duser.language=zh -Duser.variant -javaagent:C:\Users\Administrator\.gradle\wrapper\dists\gradle-8.9-bin\90cnw93cvbtalezasaz0blq0a\gradle-8.9\lib\agents\gradle-instrumentation-agent-8.9.jar org.gradle.launcher.daemon.bootstrap.GradleDaemon 8.9

Host: 13th Gen Intel(R) Core(TM) i5-13500H, 16 cores, 15G,  Windows 11 , 64 bit Build 26100 (10.0.26100.7019)
Time: Sat Dec  6 10:41:37 2025 elapsed time: 12.006691 seconds (0d 0h 0m 12s)

---------------  T H R E A D  ---------------

Current thread (0x00000206a44860e0):  JavaThread "C2 CompilerThread0" daemon [_thread_in_native, id=41648, stack(0x00000077a7300000,0x00000077a7400000) (1024K)]


Current CompileTask:
C2:  12006 2643       4       jdk.internal.org.objectweb.asm.SymbolTable::addConstantUtf8Reference (101 bytes)

Stack: [0x00000077a7300000,0x00000077a7400000]
Native frames: (J=compiled Java code, j=interpreted, Vv=VM code, C=native code)
V  [jvm.dll+0x6cbf89]
V  [jvm.dll+0x858421]
V  [jvm.dll+0x85a94e]
V  [jvm.dll+0x85b023]
V  [jvm.dll+0x27ebc6]
V  [jvm.dll+0xc4f4d]
V  [jvm.dll+0xc5483]
V  [jvm.dll+0x5d76da]
V  [jvm.dll+0x382954]
V  [jvm.dll+0x381d9a]
V  [jvm.dll+0x247640]
V  [jvm.dll+0x246c1f]
V  [jvm.dll+0x1c7a3e]
V  [jvm.dll+0x256329]
V  [jvm.dll+0x2548ba]
V  [jvm.dll+0x3efdee]
V  [jvm.dll+0x80265b]
V  [jvm.dll+0x6ca66d]
C  [ucrtbase.dll+0x37b0]
C  [KERNEL32.DLL+0x2e8d7]
C  [ntdll.dll+0x8c53c]


---------------  P R O C E S S  ---------------

Threads class SMR info:
_java_thread_list=0x00000206be6dec80, length=22, elements={
0x0000020686877b70, 0x00000206a4478600, 0x00000206a447bce0, 0x00000206a4481420,
0x00000206a4481e80, 0x00000206a44828e0, 0x00000206a4483340, 0x00000206a44860e0,
0x00000206a44876f0, 0x00000206a4790a20, 0x00000206a46585d0, 0x00000206a48a8a00,
0x00000206a47b5c00, 0x00000206bf6978c0, 0x00000206bf82d590, 0x00000206bf7776a0,
0x00000206bf7a4e80, 0x00000206bf6f5dd0, 0x00000206bf6f6440, 0x00000206bf87ece0,
0x00000206bf87e650, 0x00000206bf87f370
}

Java Threads: ( => current thread )
  0x0000020686877b70 JavaThread "main"                              [_thread_blocked, id=37744, stack(0x00000077a6500000,0x00000077a6600000) (1024K)]
  0x00000206a4478600 JavaThread "Reference Handler"          daemon [_thread_blocked, id=54404, stack(0x00000077a6d00000,0x00000077a6e00000) (1024K)]
  0x00000206a447bce0 JavaThread "Finalizer"                  daemon [_thread_blocked, id=28792, stack(0x00000077a6e00000,0x00000077a6f00000) (1024K)]
  0x00000206a4481420 JavaThread "Signal Dispatcher"          daemon [_thread_blocked, id=14100, stack(0x00000077a6f00000,0x00000077a7000000) (1024K)]
  0x00000206a4481e80 JavaThread "Attach Listener"            daemon [_thread_blocked, id=22576, stack(0x00000077a7000000,0x00000077a7100000) (1024K)]
  0x00000206a44828e0 JavaThread "Service Thread"             daemon [_thread_blocked, id=34348, stack(0x00000077a7100000,0x00000077a7200000) (1024K)]
  0x00000206a4483340 JavaThread "Monitor Deflation Thread"   daemon [_thread_blocked, id=46100, stack(0x00000077a7200000,0x00000077a7300000) (1024K)]
=>0x00000206a44860e0 JavaThread "C2 CompilerThread0"         daemon [_thread_in_native, id=41648, stack(0x00000077a7300000,0x00000077a7400000) (1024K)]
  0x00000206a44876f0 JavaThread "C1 CompilerThread0"         daemon [_thread_blocked, id=49284, stack(0x00000077a7400000,0x00000077a7500000) (1024K)]
  0x00000206a4790a20 JavaThread "Common-Cleaner"             daemon [_thread_blocked, id=48760, stack(0x00000077a7500000,0x00000077a7600000) (1024K)]
  0x00000206a46585d0 JavaThread "Notification Thread"        daemon [_thread_blocked, id=51020, stack(0x00000077a7600000,0x00000077a7700000) (1024K)]
  0x00000206a48a8a00 JavaThread "C1 CompilerThread1"         daemon [_thread_blocked, id=34568, stack(0x00000077a7d00000,0x00000077a7e00000) (1024K)]
  0x00000206a47b5c00 JavaThread "Daemon health stats"               [_thread_blocked, id=34620, stack(0x00000077a8300000,0x00000077a8400000) (1024K)]
  0x00000206bf6978c0 JavaThread "Incoming local TCP Connector on port 9211"        [_thread_in_native, id=8052, stack(0x00000077a7c00000,0x00000077a7d00000) (1024K)]
  0x00000206bf82d590 JavaThread "Daemon periodic checks"            [_thread_blocked, id=47844, stack(0x00000077a8500000,0x00000077a8600000) (1024K)]
  0x00000206bf7776a0 JavaThread "Daemon"                            [_thread_blocked, id=12308, stack(0x00000077a8600000,0x00000077a8700000) (1024K)]
  0x00000206bf7a4e80 JavaThread "Handler for socket connection from /127.0.0.1:9211 to /127.0.0.1:9213"        [_thread_in_native, id=3228, stack(0x00000077a8700000,0x00000077a8800000) (1024K)]
  0x00000206bf6f5dd0 JavaThread "Cancel handler"                    [_thread_blocked, id=23812, stack(0x00000077a8400000,0x00000077a8500000) (1024K)]
  0x00000206bf6f6440 JavaThread "Daemon worker"                     [_thread_in_vm, id=54612, stack(0x00000077a8800000,0x00000077a8900000) (1024K)]
  0x00000206bf87ece0 JavaThread "Asynchronous log dispatcher for DefaultDaemonConnection: socket connection from /127.0.0.1:9211 to /127.0.0.1:9213"        [_thread_blocked, id=55280, stack(0x00000077a8900000,0x00000077a8a00000) (1024K)]
  0x00000206bf87e650 JavaThread "Stdin handler"                     [_thread_blocked, id=55416, stack(0x00000077a8a00000,0x00000077a8b00000) (1024K)]
  0x00000206bf87f370 JavaThread "Daemon client event forwarder"        [_thread_blocked, id=26684, stack(0x00000077a8b00000,0x00000077a8c00000) (1024K)]
Total: 22

Other Threads:
  0x00000206a44615e0 VMThread "VM Thread"                           [id=46192, stack(0x00000077a6c00000,0x00000077a6d00000) (1024K)]
  0x00000206a45519e0 WatcherThread "VM Periodic Task Thread"        [id=4932, stack(0x00000077a6b00000,0x00000077a6c00000) (1024K)]
  0x00000206882e3140 WorkerThread "GC Thread#0"                     [id=22924, stack(0x00000077a6600000,0x00000077a6700000) (1024K)]
  0x00000206a4807cd0 WorkerThread "GC Thread#1"                     [id=17944, stack(0x00000077a7700000,0x00000077a7800000) (1024K)]
  0x00000206a4808080 WorkerThread "GC Thread#2"                     [id=6576, stack(0x00000077a7800000,0x00000077a7900000) (1024K)]
  0x00000206be152a40 WorkerThread "GC Thread#3"                     [id=45864, stack(0x00000077a7900000,0x00000077a7a00000) (1024K)]
  0x00000206be152df0 WorkerThread "GC Thread#4"                     [id=48232, stack(0x00000077a7a00000,0x00000077a7b00000) (1024K)]
  0x00000206be1531a0 WorkerThread "GC Thread#5"                     [id=39908, stack(0x00000077a7b00000,0x00000077a7c00000) (1024K)]
  0x00000206a46bb5e0 WorkerThread "GC Thread#6"                     [id=51404, stack(0x00000077a8000000,0x00000077a8100000) (1024K)]
  0x00000206be7e5aa0 WorkerThread "GC Thread#7"                     [id=48056, stack(0x00000077a8100000,0x00000077a8200000) (1024K)]
  0x00000206be7e5e50 WorkerThread "GC Thread#8"                     [id=9912, stack(0x00000077a8200000,0x00000077a8300000) (1024K)]
  0x00000206882e7ee0 ConcurrentGCThread "G1 Main Marker"            [id=55880, stack(0x00000077a6700000,0x00000077a6800000) (1024K)]
  0x00000206882e87a0 WorkerThread "G1 Conc#0"                       [id=35748, stack(0x00000077a6800000,0x00000077a6900000) (1024K)]
  0x00000206a43a36a0 ConcurrentGCThread "G1 Refine#0"               [id=24856, stack(0x00000077a6900000,0x00000077a6a00000) (1024K)]
  0x00000206a43a3fd0 ConcurrentGCThread "G1 Service"                [id=55712, stack(0x00000077a6a00000,0x00000077a6b00000) (1024K)]
Total: 15

Threads with active compile tasks:
C2 CompilerThread0    12069 2643       4       jdk.internal.org.objectweb.asm.SymbolTable::addConstantUtf8Reference (101 bytes)
Total: 1

VM state: not at safepoint (normal execution)

VM Mutex/Monitor currently owned by a thread:  ([mutex/lock_event])
[0x00007ffbe463edf0] Metaspace_lock - owner thread: 0x00000206bf6f6440

Heap address: 0x00000000e0000000, size: 512 MB, Compressed Oops mode: 32-bit

CDS archive(s) mapped at: [0x00000206a5000000-0x00000206a5c90000-0x00000206a5c90000), size 13172736, SharedBaseAddress: 0x00000206a5000000, ArchiveRelocationMode: 1.
Compressed class space mapped at: 0x00000206a6000000-0x00000206ba000000, reserved size: 335544320
Narrow klass base: 0x00000206a5000000, Narrow klass shift: 0, Narrow klass range: 0x100000000

GC Precious Log:
 CardTable entry size: 512
 Card Set container configuration: InlinePtr #cards 5 size 8 Array Of Cards #cards 12 size 40 Howl #buckets 4 coarsen threshold 1843 Howl Bitmap #cards 512 size 80 coarsen threshold 460 Card regions per heap region 1 cards per card region 2048
 CPUs: 16 total, 16 available
 Memory: 16105M
 Large Page Support: Disabled
 NUMA Support: Disabled
 Compressed Oops: Enabled (32-bit)
 Heap Region Size: 1M
 Heap Min Capacity: 256M
 Heap Initial Capacity: 256M
 Heap Max Capacity: 512M
 Pre-touch: Disabled
 Parallel Workers: 13
 Concurrent Workers: 3
 Concurrent Refinement Workers: 13
 Periodic GC: Disabled

Heap:
 garbage-first heap   total 262144K, used 49477K [0x00000000e0000000, 0x0000000100000000)
  region size 1024K, 37 young (37888K), 6 survivors (6144K)
 Metaspace       used 13343K, committed 13696K, reserved 393216K
  class space    used 1725K, committed 1920K, reserved 327680K

Heap Regions: E=young(eden), S=young(survivor), O=old, HS=humongous(starts), HC=humongous(continues), CS=collection set, F=free, TAMS=top-at-mark-start, PB=parsable bottom
|   0|0x00000000e0000000, 0x00000000e0100000, 0x00000000e0100000|100%|HS|  |TAMS 0x00000000e0000000| PB 0x00000000e0000000| Complete 
|   1|0x00000000e0100000, 0x00000000e0200000, 0x00000000e0200000|100%|HC|  |TAMS 0x00000000e0100000| PB 0x00000000e0100000| Complete 
|   2|0x00000000e0200000, 0x00000000e0300000, 0x00000000e0300000|100%|HC|  |TAMS 0x00000000e0200000| PB 0x00000000e0200000| Complete 
|   3|0x00000000e0300000, 0x00000000e0400000, 0x00000000e0400000|100%|HC|  |TAMS 0x00000000e0300000| PB 0x00000000e0300000| Complete 
|   4|0x00000000e0400000, 0x00000000e0500000, 0x00000000e0500000|100%| O|  |TAMS 0x00000000e0400000| PB 0x00000000e0400000| Untracked 
|   5|0x00000000e0500000, 0x00000000e0600000, 0x00000000e0600000|100%| O|  |TAMS 0x00000000e0500000| PB 0x00000000e0500000| Untracked 
|   6|0x00000000e0600000, 0x00000000e0700000, 0x00000000e0700000|100%| O|  |TAMS 0x00000000e0600000| PB 0x00000000e0600000| Untracked 
|   7|0x00000000e0700000, 0x00000000e0800000, 0x00000000e0800000|100%| O|  |TAMS 0x00000000e0700000| PB 0x00000000e0700000| Untracked 
|   8|0x00000000e0800000, 0x00000000e0900000, 0x00000000e0900000|100%| O|  |TAMS 0x00000000e0800000| PB 0x00000000e0800000| Untracked 
|   9|0x00000000e0900000, 0x00000000e0a00000, 0x00000000e0a00000|100%| O|  |TAMS 0x00000000e0900000| PB 0x00000000e0900000| Untracked 
|  10|0x00000000e0a00000, 0x00000000e0b00000, 0x00000000e0b00000|100%|HS|  |TAMS 0x00000000e0a00000| PB 0x00000000e0a00000| Complete 
|  11|0x00000000e0b00000, 0x00000000e0b00000, 0x00000000e0c00000|  0%| F|  |TAMS 0x00000000e0b00000| PB 0x00000000e0b00000| Untracked 
|  12|0x00000000e0c00000, 0x00000000e0d00000, 0x00000000e0d00000|100%| O|  |TAMS 0x00000000e0c00000| PB 0x00000000e0c00000| Untracked 
|  13|0x00000000e0d00000, 0x00000000e0d516d0, 0x00000000e0e00000| 31%| O|  |TAMS 0x00000000e0d00000| PB 0x00000000e0d00000| Untracked 
|  14|0x00000000e0e00000, 0x00000000e0e00000, 0x00000000e0f00000|  0%| F|  |TAMS 0x00000000e0e00000| PB 0x00000000e0e00000| Untracked 
|  15|0x00000000e0f00000, 0x00000000e0f00000, 0x00000000e1000000|  0%| F|  |TAMS 0x00000000e0f00000| PB 0x00000000e0f00000| Untracked 
|  16|0x00000000e1000000, 0x00000000e1000000, 0x00000000e1100000|  0%| F|  |TAMS 0x00000000e1000000| PB 0x00000000e1000000| Untracked 
|  17|0x00000000e1100000, 0x00000000e1100000, 0x00000000e1200000|  0%| F|  |TAMS 0x00000000e1100000| PB 0x00000000e1100000| Untracked 
|  18|0x00000000e1200000, 0x00000000e1200000, 0x00000000e1300000|  0%| F|  |TAMS 0x00000000e1200000| PB 0x00000000e1200000| Untracked 
|  19|0x00000000e1300000, 0x00000000e1300000, 0x00000000e1400000|  0%| F|  |TAMS 0x00000000e1300000| PB 0x00000000e1300000| Untracked 
|  20|0x00000000e1400000, 0x00000000e1400000, 0x00000000e1500000|  0%| F|  |TAMS 0x00000000e1400000| PB 0x00000000e1400000| Untracked 
|  21|0x00000000e1500000, 0x00000000e1500000, 0x00000000e1600000|  0%| F|  |TAMS 0x00000000e1500000| PB 0x00000000e1500000| Untracked 
|  22|0x00000000e1600000, 0x00000000e1600000, 0x00000000e1700000|  0%| F|  |TAMS 0x00000000e1600000| PB 0x00000000e1600000| Untracked 
|  23|0x00000000e1700000, 0x00000000e1700000, 0x00000000e1800000|  0%| F|  |TAMS 0x00000000e1700000| PB 0x00000000e1700000| Untracked 
|  24|0x00000000e1800000, 0x00000000e1800000, 0x00000000e1900000|  0%| F|  |TAMS 0x00000000e1800000| PB 0x00000000e1800000| Untracked 
|  25|0x00000000e1900000, 0x00000000e1900000, 0x00000000e1a00000|  0%| F|  |TAMS 0x00000000e1900000| PB 0x00000000e1900000| Untracked 
|  26|0x00000000e1a00000, 0x00000000e1a00000, 0x00000000e1b00000|  0%| F|  |TAMS 0x00000000e1a00000| PB 0x00000000e1a00000| Untracked 
|  27|0x00000000e1b00000, 0x00000000e1b00000, 0x00000000e1c00000|  0%| F|  |TAMS 0x00000000e1b00000| PB 0x00000000e1b00000| Untracked 
|  28|0x00000000e1c00000, 0x00000000e1c00000, 0x00000000e1d00000|  0%| F|  |TAMS 0x00000000e1c00000| PB 0x00000000e1c00000| Untracked 
|  29|0x00000000e1d00000, 0x00000000e1d00000, 0x00000000e1e00000|  0%| F|  |TAMS 0x00000000e1d00000| PB 0x00000000e1d00000| Untracked 
|  30|0x00000000e1e00000, 0x00000000e1e00000, 0x00000000e1f00000|  0%| F|  |TAMS 0x00000000e1e00000| PB 0x00000000e1e00000| Untracked 
|  31|0x00000000e1f00000, 0x00000000e1f00000, 0x00000000e2000000|  0%| F|  |TAMS 0x00000000e1f00000| PB 0x00000000e1f00000| Untracked 
|  32|0x00000000e2000000, 0x00000000e2000000, 0x00000000e2100000|  0%| F|  |TAMS 0x00000000e2000000| PB 0x00000000e2000000| Untracked 
|  33|0x00000000e2100000, 0x00000000e2100000, 0x00000000e2200000|  0%| F|  |TAMS 0x00000000e2100000| PB 0x00000000e2100000| Untracked 
|  34|0x00000000e2200000, 0x00000000e2200000, 0x00000000e2300000|  0%| F|  |TAMS 0x00000000e2200000| PB 0x00000000e2200000| Untracked 
|  35|0x00000000e2300000, 0x00000000e2300000, 0x00000000e2400000|  0%| F|  |TAMS 0x00000000e2300000| PB 0x00000000e2300000| Untracked 
|  36|0x00000000e2400000, 0x00000000e2400000, 0x00000000e2500000|  0%| F|  |TAMS 0x00000000e2400000| PB 0x00000000e2400000| Untracked 
|  37|0x00000000e2500000, 0x00000000e2500000, 0x00000000e2600000|  0%| F|  |TAMS 0x00000000e2500000| PB 0x00000000e2500000| Untracked 
|  38|0x00000000e2600000, 0x00000000e2600000, 0x00000000e2700000|  0%| F|  |TAMS 0x00000000e2600000| PB 0x00000000e2600000| Untracked 
|  39|0x00000000e2700000, 0x00000000e2700000, 0x00000000e2800000|  0%| F|  |TAMS 0x00000000e2700000| PB 0x00000000e2700000| Untracked 
|  40|0x00000000e2800000, 0x00000000e2800000, 0x00000000e2900000|  0%| F|  |TAMS 0x00000000e2800000| PB 0x00000000e2800000| Untracked 
|  41|0x00000000e2900000, 0x00000000e2900000, 0x00000000e2a00000|  0%| F|  |TAMS 0x00000000e2900000| PB 0x00000000e2900000| Untracked 
|  42|0x00000000e2a00000, 0x00000000e2a00000, 0x00000000e2b00000|  0%| F|  |TAMS 0x00000000e2a00000| PB 0x00000000e2a00000| Untracked 
|  43|0x00000000e2b00000, 0x00000000e2b00000, 0x00000000e2c00000|  0%| F|  |TAMS 0x00000000e2b00000| PB 0x00000000e2b00000| Untracked 
|  44|0x00000000e2c00000, 0x00000000e2c00000, 0x00000000e2d00000|  0%| F|  |TAMS 0x00000000e2c00000| PB 0x00000000e2c00000| Untracked 
|  45|0x00000000e2d00000, 0x00000000e2d00000, 0x00000000e2e00000|  0%| F|  |TAMS 0x00000000e2d00000| PB 0x00000000e2d00000| Untracked 
|  46|0x00000000e2e00000, 0x00000000e2e00000, 0x00000000e2f00000|  0%| F|  |TAMS 0x00000000e2e00000| PB 0x00000000e2e00000| Untracked 
|  47|0x00000000e2f00000, 0x00000000e2f00000, 0x00000000e3000000|  0%| F|  |TAMS 0x00000000e2f00000| PB 0x00000000e2f00000| Untracked 
|  48|0x00000000e3000000, 0x00000000e3000000, 0x00000000e3100000|  0%| F|  |TAMS 0x00000000e3000000| PB 0x00000000e3000000| Untracked 
|  49|0x00000000e3100000, 0x00000000e3100000, 0x00000000e3200000|  0%| F|  |TAMS 0x00000000e3100000| PB 0x00000000e3100000| Untracked 
|  50|0x00000000e3200000, 0x00000000e3200000, 0x00000000e3300000|  0%| F|  |TAMS 0x00000000e3200000| PB 0x00000000e3200000| Untracked 
|  51|0x00000000e3300000, 0x00000000e3300000, 0x00000000e3400000|  0%| F|  |TAMS 0x00000000e3300000| PB 0x00000000e3300000| Untracked 
|  52|0x00000000e3400000, 0x00000000e3400000, 0x00000000e3500000|  0%| F|  |TAMS 0x00000000e3400000| PB 0x00000000e3400000| Untracked 
|  53|0x00000000e3500000, 0x00000000e3500000, 0x00000000e3600000|  0%| F|  |TAMS 0x00000000e3500000| PB 0x00000000e3500000| Untracked 
|  54|0x00000000e3600000, 0x00000000e3600000, 0x00000000e3700000|  0%| F|  |TAMS 0x00000000e3600000| PB 0x00000000e3600000| Untracked 
|  55|0x00000000e3700000, 0x00000000e3700000, 0x00000000e3800000|  0%| F|  |TAMS 0x00000000e3700000| PB 0x00000000e3700000| Untracked 
|  56|0x00000000e3800000, 0x00000000e3800000, 0x00000000e3900000|  0%| F|  |TAMS 0x00000000e3800000| PB 0x00000000e3800000| Untracked 
|  57|0x00000000e3900000, 0x00000000e3900000, 0x00000000e3a00000|  0%| F|  |TAMS 0x00000000e3900000| PB 0x00000000e3900000| Untracked 
|  58|0x00000000e3a00000, 0x00000000e3a00000, 0x00000000e3b00000|  0%| F|  |TAMS 0x00000000e3a00000| PB 0x00000000e3a00000| Untracked 
|  59|0x00000000e3b00000, 0x00000000e3b00000, 0x00000000e3c00000|  0%| F|  |TAMS 0x00000000e3b00000| PB 0x00000000e3b00000| Untracked 
|  60|0x00000000e3c00000, 0x00000000e3c00000, 0x00000000e3d00000|  0%| F|  |TAMS 0x00000000e3c00000| PB 0x00000000e3c00000| Untracked 
|  61|0x00000000e3d00000, 0x00000000e3d00000, 0x00000000e3e00000|  0%| F|  |TAMS 0x00000000e3d00000| PB 0x00000000e3d00000| Untracked 
|  62|0x00000000e3e00000, 0x00000000e3e00000, 0x00000000e3f00000|  0%| F|  |TAMS 0x00000000e3e00000| PB 0x00000000e3e00000| Untracked 
|  63|0x00000000e3f00000, 0x00000000e3f00000, 0x00000000e4000000|  0%| F|  |TAMS 0x00000000e3f00000| PB 0x00000000e3f00000| Untracked 
|  64|0x00000000e4000000, 0x00000000e4000000, 0x00000000e4100000|  0%| F|  |TAMS 0x00000000e4000000| PB 0x00000000e4000000| Untracked 
|  65|0x00000000e4100000, 0x00000000e4100000, 0x00000000e4200000|  0%| F|  |TAMS 0x00000000e4100000| PB 0x00000000e4100000| Untracked 
|  66|0x00000000e4200000, 0x00000000e4200000, 0x00000000e4300000|  0%| F|  |TAMS 0x00000000e4200000| PB 0x00000000e4200000| Untracked 
|  67|0x00000000e4300000, 0x00000000e4300000, 0x00000000e4400000|  0%| F|  |TAMS 0x00000000e4300000| PB 0x00000000e4300000| Untracked 
|  68|0x00000000e4400000, 0x00000000e4400000, 0x00000000e4500000|  0%| F|  |TAMS 0x00000000e4400000| PB 0x00000000e4400000| Untracked 
|  69|0x00000000e4500000, 0x00000000e4500000, 0x00000000e4600000|  0%| F|  |TAMS 0x00000000e4500000| PB 0x00000000e4500000| Untracked 
|  70|0x00000000e4600000, 0x00000000e4600000, 0x00000000e4700000|  0%| F|  |TAMS 0x00000000e4600000| PB 0x00000000e4600000| Untracked 
|  71|0x00000000e4700000, 0x00000000e4700000, 0x00000000e4800000|  0%| F|  |TAMS 0x00000000e4700000| PB 0x00000000e4700000| Untracked 
|  72|0x00000000e4800000, 0x00000000e4800000, 0x00000000e4900000|  0%| F|  |TAMS 0x00000000e4800000| PB 0x00000000e4800000| Untracked 
|  73|0x00000000e4900000, 0x00000000e4900000, 0x00000000e4a00000|  0%| F|  |TAMS 0x00000000e4900000| PB 0x00000000e4900000| Untracked 
|  74|0x00000000e4a00000, 0x00000000e4a00000, 0x00000000e4b00000|  0%| F|  |TAMS 0x00000000e4a00000| PB 0x00000000e4a00000| Untracked 
|  75|0x00000000e4b00000, 0x00000000e4b00000, 0x00000000e4c00000|  0%| F|  |TAMS 0x00000000e4b00000| PB 0x00000000e4b00000| Untracked 
|  76|0x00000000e4c00000, 0x00000000e4c00000, 0x00000000e4d00000|  0%| F|  |TAMS 0x00000000e4c00000| PB 0x00000000e4c00000| Untracked 
|  77|0x00000000e4d00000, 0x00000000e4d00000, 0x00000000e4e00000|  0%| F|  |TAMS 0x00000000e4d00000| PB 0x00000000e4d00000| Untracked 
|  78|0x00000000e4e00000, 0x00000000e4e00000, 0x00000000e4f00000|  0%| F|  |TAMS 0x00000000e4e00000| PB 0x00000000e4e00000| Untracked 
|  79|0x00000000e4f00000, 0x00000000e4f00000, 0x00000000e5000000|  0%| F|  |TAMS 0x00000000e4f00000| PB 0x00000000e4f00000| Untracked 
|  80|0x00000000e5000000, 0x00000000e5000000, 0x00000000e5100000|  0%| F|  |TAMS 0x00000000e5000000| PB 0x00000000e5000000| Untracked 
|  81|0x00000000e5100000, 0x00000000e5100000, 0x00000000e5200000|  0%| F|  |TAMS 0x00000000e5100000| PB 0x00000000e5100000| Untracked 
|  82|0x00000000e5200000, 0x00000000e5200000, 0x00000000e5300000|  0%| F|  |TAMS 0x00000000e5200000| PB 0x00000000e5200000| Untracked 
|  83|0x00000000e5300000, 0x00000000e5300000, 0x00000000e5400000|  0%| F|  |TAMS 0x00000000e5300000| PB 0x00000000e5300000| Untracked 
|  84|0x00000000e5400000, 0x00000000e5400000, 0x00000000e5500000|  0%| F|  |TAMS 0x00000000e5400000| PB 0x00000000e5400000| Untracked 
|  85|0x00000000e5500000, 0x00000000e5500000, 0x00000000e5600000|  0%| F|  |TAMS 0x00000000e5500000| PB 0x00000000e5500000| Untracked 
|  86|0x00000000e5600000, 0x00000000e5600000, 0x00000000e5700000|  0%| F|  |TAMS 0x00000000e5600000| PB 0x00000000e5600000| Untracked 
|  87|0x00000000e5700000, 0x00000000e5700000, 0x00000000e5800000|  0%| F|  |TAMS 0x00000000e5700000| PB 0x00000000e5700000| Untracked 
|  88|0x00000000e5800000, 0x00000000e5800000, 0x00000000e5900000|  0%| F|  |TAMS 0x00000000e5800000| PB 0x00000000e5800000| Untracked 
|  89|0x00000000e5900000, 0x00000000e5900000, 0x00000000e5a00000|  0%| F|  |TAMS 0x00000000e5900000| PB 0x00000000e5900000| Untracked 
|  90|0x00000000e5a00000, 0x00000000e5a00000, 0x00000000e5b00000|  0%| F|  |TAMS 0x00000000e5a00000| PB 0x00000000e5a00000| Untracked 
|  91|0x00000000e5b00000, 0x00000000e5b00000, 0x00000000e5c00000|  0%| F|  |TAMS 0x00000000e5b00000| PB 0x00000000e5b00000| Untracked 
|  92|0x00000000e5c00000, 0x00000000e5c00000, 0x00000000e5d00000|  0%| F|  |TAMS 0x00000000e5c00000| PB 0x00000000e5c00000| Untracked 
|  93|0x00000000e5d00000, 0x00000000e5d00000, 0x00000000e5e00000|  0%| F|  |TAMS 0x00000000e5d00000| PB 0x00000000e5d00000| Untracked 
|  94|0x00000000e5e00000, 0x00000000e5e00000, 0x00000000e5f00000|  0%| F|  |TAMS 0x00000000e5e00000| PB 0x00000000e5e00000| Untracked 
|  95|0x00000000e5f00000, 0x00000000e5f00000, 0x00000000e6000000|  0%| F|  |TAMS 0x00000000e5f00000| PB 0x00000000e5f00000| Untracked 
|  96|0x00000000e6000000, 0x00000000e6000000, 0x00000000e6100000|  0%| F|  |TAMS 0x00000000e6000000| PB 0x00000000e6000000| Untracked 
|  97|0x00000000e6100000, 0x00000000e6100000, 0x00000000e6200000|  0%| F|  |TAMS 0x00000000e6100000| PB 0x00000000e6100000| Untracked 
|  98|0x00000000e6200000, 0x00000000e6200000, 0x00000000e6300000|  0%| F|  |TAMS 0x00000000e6200000| PB 0x00000000e6200000| Untracked 
|  99|0x00000000e6300000, 0x00000000e6300000, 0x00000000e6400000|  0%| F|  |TAMS 0x00000000e6300000| PB 0x00000000e6300000| Untracked 
| 100|0x00000000e6400000, 0x00000000e6400000, 0x00000000e6500000|  0%| F|  |TAMS 0x00000000e6400000| PB 0x00000000e6400000| Untracked 
| 101|0x00000000e6500000, 0x00000000e6500000, 0x00000000e6600000|  0%| F|  |TAMS 0x00000000e6500000| PB 0x00000000e6500000| Untracked 
| 102|0x00000000e6600000, 0x00000000e6600000, 0x00000000e6700000|  0%| F|  |TAMS 0x00000000e6600000| PB 0x00000000e6600000| Untracked 
| 103|0x00000000e6700000, 0x00000000e6700000, 0x00000000e6800000|  0%| F|  |TAMS 0x00000000e6700000| PB 0x00000000e6700000| Untracked 
| 104|0x00000000e6800000, 0x00000000e6800000, 0x00000000e6900000|  0%| F|  |TAMS 0x00000000e6800000| PB 0x00000000e6800000| Untracked 
| 105|0x00000000e6900000, 0x00000000e6900000, 0x00000000e6a00000|  0%| F|  |TAMS 0x00000000e6900000| PB 0x00000000e6900000| Untracked 
| 106|0x00000000e6a00000, 0x00000000e6a00000, 0x00000000e6b00000|  0%| F|  |TAMS 0x00000000e6a00000| PB 0x00000000e6a00000| Untracked 
| 107|0x00000000e6b00000, 0x00000000e6b00000, 0x00000000e6c00000|  0%| F|  |TAMS 0x00000000e6b00000| PB 0x00000000e6b00000| Untracked 
| 108|0x00000000e6c00000, 0x00000000e6c00000, 0x00000000e6d00000|  0%| F|  |TAMS 0x00000000e6c00000| PB 0x00000000e6c00000| Untracked 
| 109|0x00000000e6d00000, 0x00000000e6d00000, 0x00000000e6e00000|  0%| F|  |TAMS 0x00000000e6d00000| PB 0x00000000e6d00000| Untracked 
| 110|0x00000000e6e00000, 0x00000000e6e00000, 0x00000000e6f00000|  0%| F|  |TAMS 0x00000000e6e00000| PB 0x00000000e6e00000| Untracked 
| 111|0x00000000e6f00000, 0x00000000e6f00000, 0x00000000e7000000|  0%| F|  |TAMS 0x00000000e6f00000| PB 0x00000000e6f00000| Untracked 
| 112|0x00000000e7000000, 0x00000000e7000000, 0x00000000e7100000|  0%| F|  |TAMS 0x00000000e7000000| PB 0x00000000e7000000| Untracked 
| 113|0x00000000e7100000, 0x00000000e7100000, 0x00000000e7200000|  0%| F|  |TAMS 0x00000000e7100000| PB 0x00000000e7100000| Untracked 
| 114|0x00000000e7200000, 0x00000000e7200000, 0x00000000e7300000|  0%| F|  |TAMS 0x00000000e7200000| PB 0x00000000e7200000| Untracked 
| 115|0x00000000e7300000, 0x00000000e7300000, 0x00000000e7400000|  0%| F|  |TAMS 0x00000000e7300000| PB 0x00000000e7300000| Untracked 
| 116|0x00000000e7400000, 0x00000000e7400000, 0x00000000e7500000|  0%| F|  |TAMS 0x00000000e7400000| PB 0x00000000e7400000| Untracked 
| 117|0x00000000e7500000, 0x00000000e7500000, 0x00000000e7600000|  0%| F|  |TAMS 0x00000000e7500000| PB 0x00000000e7500000| Untracked 
| 118|0x00000000e7600000, 0x00000000e7600000, 0x00000000e7700000|  0%| F|  |TAMS 0x00000000e7600000| PB 0x00000000e7600000| Untracked 
| 119|0x00000000e7700000, 0x00000000e7700000, 0x00000000e7800000|  0%| F|  |TAMS 0x00000000e7700000| PB 0x00000000e7700000| Untracked 
| 120|0x00000000e7800000, 0x00000000e7800000, 0x00000000e7900000|  0%| F|  |TAMS 0x00000000e7800000| PB 0x00000000e7800000| Untracked 
| 121|0x00000000e7900000, 0x00000000e7900000, 0x00000000e7a00000|  0%| F|  |TAMS 0x00000000e7900000| PB 0x00000000e7900000| Untracked 
| 122|0x00000000e7a00000, 0x00000000e7a00000, 0x00000000e7b00000|  0%| F|  |TAMS 0x00000000e7a00000| PB 0x00000000e7a00000| Untracked 
| 123|0x00000000e7b00000, 0x00000000e7b00000, 0x00000000e7c00000|  0%| F|  |TAMS 0x00000000e7b00000| PB 0x00000000e7b00000| Untracked 
| 124|0x00000000e7c00000, 0x00000000e7c00000, 0x00000000e7d00000|  0%| F|  |TAMS 0x00000000e7c00000| PB 0x00000000e7c00000| Untracked 
| 125|0x00000000e7d00000, 0x00000000e7d00000, 0x00000000e7e00000|  0%| F|  |TAMS 0x00000000e7d00000| PB 0x00000000e7d00000| Untracked 
| 126|0x00000000e7e00000, 0x00000000e7e00000, 0x00000000e7f00000|  0%| F|  |TAMS 0x00000000e7e00000| PB 0x00000000e7e00000| Untracked 
| 127|0x00000000e7f00000, 0x00000000e7f00000, 0x00000000e8000000|  0%| F|  |TAMS 0x00000000e7f00000| PB 0x00000000e7f00000| Untracked 
| 128|0x00000000e8000000, 0x00000000e8000000, 0x00000000e8100000|  0%| F|  |TAMS 0x00000000e8000000| PB 0x00000000e8000000| Untracked 
| 129|0x00000000e8100000, 0x00000000e8100000, 0x00000000e8200000|  0%| F|  |TAMS 0x00000000e8100000| PB 0x00000000e8100000| Untracked 
| 130|0x00000000e8200000, 0x00000000e8200000, 0x00000000e8300000|  0%| F|  |TAMS 0x00000000e8200000| PB 0x00000000e8200000| Untracked 
| 131|0x00000000e8300000, 0x00000000e8300000, 0x00000000e8400000|  0%| F|  |TAMS 0x00000000e8300000| PB 0x00000000e8300000| Untracked 
| 132|0x00000000e8400000, 0x00000000e8400000, 0x00000000e8500000|  0%| F|  |TAMS 0x00000000e8400000| PB 0x00000000e8400000| Untracked 
| 133|0x00000000e8500000, 0x00000000e8500000, 0x00000000e8600000|  0%| F|  |TAMS 0x00000000e8500000| PB 0x00000000e8500000| Untracked 
| 134|0x00000000e8600000, 0x00000000e8600000, 0x00000000e8700000|  0%| F|  |TAMS 0x00000000e8600000| PB 0x00000000e8600000| Untracked 
| 135|0x00000000e8700000, 0x00000000e8700000, 0x00000000e8800000|  0%| F|  |TAMS 0x00000000e8700000| PB 0x00000000e8700000| Untracked 
| 136|0x00000000e8800000, 0x00000000e8800000, 0x00000000e8900000|  0%| F|  |TAMS 0x00000000e8800000| PB 0x00000000e8800000| Untracked 
| 137|0x00000000e8900000, 0x00000000e8900000, 0x00000000e8a00000|  0%| F|  |TAMS 0x00000000e8900000| PB 0x00000000e8900000| Untracked 
| 138|0x00000000e8a00000, 0x00000000e8a00000, 0x00000000e8b00000|  0%| F|  |TAMS 0x00000000e8a00000| PB 0x00000000e8a00000| Untracked 
| 139|0x00000000e8b00000, 0x00000000e8b00000, 0x00000000e8c00000|  0%| F|  |TAMS 0x00000000e8b00000| PB 0x00000000e8b00000| Untracked 
| 140|0x00000000e8c00000, 0x00000000e8c00000, 0x00000000e8d00000|  0%| F|  |TAMS 0x00000000e8c00000| PB 0x00000000e8c00000| Untracked 
| 141|0x00000000e8d00000, 0x00000000e8d00000, 0x00000000e8e00000|  0%| F|  |TAMS 0x00000000e8d00000| PB 0x00000000e8d00000| Untracked 
| 142|0x00000000e8e00000, 0x00000000e8e00000, 0x00000000e8f00000|  0%| F|  |TAMS 0x00000000e8e00000| PB 0x00000000e8e00000| Untracked 
| 143|0x00000000e8f00000, 0x00000000e8f00000, 0x00000000e9000000|  0%| F|  |TAMS 0x00000000e8f00000| PB 0x00000000e8f00000| Untracked 
| 144|0x00000000e9000000, 0x00000000e9000000, 0x00000000e9100000|  0%| F|  |TAMS 0x00000000e9000000| PB 0x00000000e9000000| Untracked 
| 145|0x00000000e9100000, 0x00000000e9100000, 0x00000000e9200000|  0%| F|  |TAMS 0x00000000e9100000| PB 0x00000000e9100000| Untracked 
| 146|0x00000000e9200000, 0x00000000e9200000, 0x00000000e9300000|  0%| F|  |TAMS 0x00000000e9200000| PB 0x00000000e9200000| Untracked 
| 147|0x00000000e9300000, 0x00000000e9300000, 0x00000000e9400000|  0%| F|  |TAMS 0x00000000e9300000| PB 0x00000000e9300000| Untracked 
| 148|0x00000000e9400000, 0x00000000e9400000, 0x00000000e9500000|  0%| F|  |TAMS 0x00000000e9400000| PB 0x00000000e9400000| Untracked 
| 149|0x00000000e9500000, 0x00000000e9500000, 0x00000000e9600000|  0%| F|  |TAMS 0x00000000e9500000| PB 0x00000000e9500000| Untracked 
| 150|0x00000000e9600000, 0x00000000e9600000, 0x00000000e9700000|  0%| F|  |TAMS 0x00000000e9600000| PB 0x00000000e9600000| Untracked 
| 151|0x00000000e9700000, 0x00000000e9700000, 0x00000000e9800000|  0%| F|  |TAMS 0x00000000e9700000| PB 0x00000000e9700000| Untracked 
| 152|0x00000000e9800000, 0x00000000e9800000, 0x00000000e9900000|  0%| F|  |TAMS 0x00000000e9800000| PB 0x00000000e9800000| Untracked 
| 153|0x00000000e9900000, 0x00000000e9900000, 0x00000000e9a00000|  0%| F|  |TAMS 0x00000000e9900000| PB 0x00000000e9900000| Untracked 
| 154|0x00000000e9a00000, 0x00000000e9a00000, 0x00000000e9b00000|  0%| F|  |TAMS 0x00000000e9a00000| PB 0x00000000e9a00000| Untracked 
| 155|0x00000000e9b00000, 0x00000000e9b00000, 0x00000000e9c00000|  0%| F|  |TAMS 0x00000000e9b00000| PB 0x00000000e9b00000| Untracked 
| 156|0x00000000e9c00000, 0x00000000e9c00000, 0x00000000e9d00000|  0%| F|  |TAMS 0x00000000e9c00000| PB 0x00000000e9c00000| Untracked 
| 157|0x00000000e9d00000, 0x00000000e9d00000, 0x00000000e9e00000|  0%| F|  |TAMS 0x00000000e9d00000| PB 0x00000000e9d00000| Untracked 
| 158|0x00000000e9e00000, 0x00000000e9e00000, 0x00000000e9f00000|  0%| F|  |TAMS 0x00000000e9e00000| PB 0x00000000e9e00000| Untracked 
| 159|0x00000000e9f00000, 0x00000000e9f00000, 0x00000000ea000000|  0%| F|  |TAMS 0x00000000e9f00000| PB 0x00000000e9f00000| Untracked 
| 160|0x00000000ea000000, 0x00000000ea000000, 0x00000000ea100000|  0%| F|  |TAMS 0x00000000ea000000| PB 0x00000000ea000000| Untracked 
| 161|0x00000000ea100000, 0x00000000ea100000, 0x00000000ea200000|  0%| F|  |TAMS 0x00000000ea100000| PB 0x00000000ea100000| Untracked 
| 162|0x00000000ea200000, 0x00000000ea200000, 0x00000000ea300000|  0%| F|  |TAMS 0x00000000ea200000| PB 0x00000000ea200000| Untracked 
| 163|0x00000000ea300000, 0x00000000ea300000, 0x00000000ea400000|  0%| F|  |TAMS 0x00000000ea300000| PB 0x00000000ea300000| Untracked 
| 164|0x00000000ea400000, 0x00000000ea400000, 0x00000000ea500000|  0%| F|  |TAMS 0x00000000ea400000| PB 0x00000000ea400000| Untracked 
| 165|0x00000000ea500000, 0x00000000ea500000, 0x00000000ea600000|  0%| F|  |TAMS 0x00000000ea500000| PB 0x00000000ea500000| Untracked 
| 166|0x00000000ea600000, 0x00000000ea600000, 0x00000000ea700000|  0%| F|  |TAMS 0x00000000ea600000| PB 0x00000000ea600000| Untracked 
| 167|0x00000000ea700000, 0x00000000ea700000, 0x00000000ea800000|  0%| F|  |TAMS 0x00000000ea700000| PB 0x00000000ea700000| Untracked 
| 168|0x00000000ea800000, 0x00000000ea800000, 0x00000000ea900000|  0%| F|  |TAMS 0x00000000ea800000| PB 0x00000000ea800000| Untracked 
| 169|0x00000000ea900000, 0x00000000ea900000, 0x00000000eaa00000|  0%| F|  |TAMS 0x00000000ea900000| PB 0x00000000ea900000| Untracked 
| 170|0x00000000eaa00000, 0x00000000eaa00000, 0x00000000eab00000|  0%| F|  |TAMS 0x00000000eaa00000| PB 0x00000000eaa00000| Untracked 
| 171|0x00000000eab00000, 0x00000000eab00000, 0x00000000eac00000|  0%| F|  |TAMS 0x00000000eab00000| PB 0x00000000eab00000| Untracked 
| 172|0x00000000eac00000, 0x00000000eac00000, 0x00000000ead00000|  0%| F|  |TAMS 0x00000000eac00000| PB 0x00000000eac00000| Untracked 
| 173|0x00000000ead00000, 0x00000000ead00000, 0x00000000eae00000|  0%| F|  |TAMS 0x00000000ead00000| PB 0x00000000ead00000| Untracked 
| 174|0x00000000eae00000, 0x00000000eae00000, 0x00000000eaf00000|  0%| F|  |TAMS 0x00000000eae00000| PB 0x00000000eae00000| Untracked 
| 175|0x00000000eaf00000, 0x00000000eaf00000, 0x00000000eb000000|  0%| F|  |TAMS 0x00000000eaf00000| PB 0x00000000eaf00000| Untracked 
| 176|0x00000000eb000000, 0x00000000eb000000, 0x00000000eb100000|  0%| F|  |TAMS 0x00000000eb000000| PB 0x00000000eb000000| Untracked 
| 177|0x00000000eb100000, 0x00000000eb100000, 0x00000000eb200000|  0%| F|  |TAMS 0x00000000eb100000| PB 0x00000000eb100000| Untracked 
| 178|0x00000000eb200000, 0x00000000eb200000, 0x00000000eb300000|  0%| F|  |TAMS 0x00000000eb200000| PB 0x00000000eb200000| Untracked 
| 179|0x00000000eb300000, 0x00000000eb300000, 0x00000000eb400000|  0%| F|  |TAMS 0x00000000eb300000| PB 0x00000000eb300000| Untracked 
| 180|0x00000000eb400000, 0x00000000eb400000, 0x00000000eb500000|  0%| F|  |TAMS 0x00000000eb400000| PB 0x00000000eb400000| Untracked 
| 181|0x00000000eb500000, 0x00000000eb500000, 0x00000000eb600000|  0%| F|  |TAMS 0x00000000eb500000| PB 0x00000000eb500000| Untracked 
| 182|0x00000000eb600000, 0x00000000eb600000, 0x00000000eb700000|  0%| F|  |TAMS 0x00000000eb600000| PB 0x00000000eb600000| Untracked 
| 183|0x00000000eb700000, 0x00000000eb700000, 0x00000000eb800000|  0%| F|  |TAMS 0x00000000eb700000| PB 0x00000000eb700000| Untracked 
| 184|0x00000000eb800000, 0x00000000eb800000, 0x00000000eb900000|  0%| F|  |TAMS 0x00000000eb800000| PB 0x00000000eb800000| Untracked 
| 185|0x00000000eb900000, 0x00000000eb900000, 0x00000000eba00000|  0%| F|  |TAMS 0x00000000eb900000| PB 0x00000000eb900000| Untracked 
| 186|0x00000000eba00000, 0x00000000eba00000, 0x00000000ebb00000|  0%| F|  |TAMS 0x00000000eba00000| PB 0x00000000eba00000| Untracked 
| 187|0x00000000ebb00000, 0x00000000ebb00000, 0x00000000ebc00000|  0%| F|  |TAMS 0x00000000ebb00000| PB 0x00000000ebb00000| Untracked 
| 188|0x00000000ebc00000, 0x00000000ebc00000, 0x00000000ebd00000|  0%| F|  |TAMS 0x00000000ebc00000| PB 0x00000000ebc00000| Untracked 
| 189|0x00000000ebd00000, 0x00000000ebd00000, 0x00000000ebe00000|  0%| F|  |TAMS 0x00000000ebd00000| PB 0x00000000ebd00000| Untracked 
| 190|0x00000000ebe00000, 0x00000000ebe00000, 0x00000000ebf00000|  0%| F|  |TAMS 0x00000000ebe00000| PB 0x00000000ebe00000| Untracked 
| 191|0x00000000ebf00000, 0x00000000ebf00000, 0x00000000ec000000|  0%| F|  |TAMS 0x00000000ebf00000| PB 0x00000000ebf00000| Untracked 
| 192|0x00000000ec000000, 0x00000000ec000000, 0x00000000ec100000|  0%| F|  |TAMS 0x00000000ec000000| PB 0x00000000ec000000| Untracked 
| 193|0x00000000ec100000, 0x00000000ec100000, 0x00000000ec200000|  0%| F|  |TAMS 0x00000000ec100000| PB 0x00000000ec100000| Untracked 
| 194|0x00000000ec200000, 0x00000000ec200000, 0x00000000ec300000|  0%| F|  |TAMS 0x00000000ec200000| PB 0x00000000ec200000| Untracked 
| 195|0x00000000ec300000, 0x00000000ec300000, 0x00000000ec400000|  0%| F|  |TAMS 0x00000000ec300000| PB 0x00000000ec300000| Untracked 
| 196|0x00000000ec400000, 0x00000000ec400000, 0x00000000ec500000|  0%| F|  |TAMS 0x00000000ec400000| PB 0x00000000ec400000| Untracked 
| 197|0x00000000ec500000, 0x00000000ec500000, 0x00000000ec600000|  0%| F|  |TAMS 0x00000000ec500000| PB 0x00000000ec500000| Untracked 
| 198|0x00000000ec600000, 0x00000000ec600000, 0x00000000ec700000|  0%| F|  |TAMS 0x00000000ec600000| PB 0x00000000ec600000| Untracked 
| 199|0x00000000ec700000, 0x00000000ec700000, 0x00000000ec800000|  0%| F|  |TAMS 0x00000000ec700000| PB 0x00000000ec700000| Untracked 
| 200|0x00000000ec800000, 0x00000000ec800000, 0x00000000ec900000|  0%| F|  |TAMS 0x00000000ec800000| PB 0x00000000ec800000| Untracked 
| 201|0x00000000ec900000, 0x00000000ec900000, 0x00000000eca00000|  0%| F|  |TAMS 0x00000000ec900000| PB 0x00000000ec900000| Untracked 
| 202|0x00000000eca00000, 0x00000000eca00000, 0x00000000ecb00000|  0%| F|  |TAMS 0x00000000eca00000| PB 0x00000000eca00000| Untracked 
| 203|0x00000000ecb00000, 0x00000000ecc00000, 0x00000000ecc00000|100%| S|CS|TAMS 0x00000000ecb00000| PB 0x00000000ecb00000| Complete 
| 204|0x00000000ecc00000, 0x00000000ecd00000, 0x00000000ecd00000|100%| S|CS|TAMS 0x00000000ecc00000| PB 0x00000000ecc00000| Complete 
| 205|0x00000000ecd00000, 0x00000000ece00000, 0x00000000ece00000|100%| S|CS|TAMS 0x00000000ecd00000| PB 0x00000000ecd00000| Complete 
| 206|0x00000000ece00000, 0x00000000ecf00000, 0x00000000ecf00000|100%| S|CS|TAMS 0x00000000ece00000| PB 0x00000000ece00000| Complete 
| 207|0x00000000ecf00000, 0x00000000ed000000, 0x00000000ed000000|100%| S|CS|TAMS 0x00000000ecf00000| PB 0x00000000ecf00000| Complete 
| 208|0x00000000ed000000, 0x00000000ed100000, 0x00000000ed100000|100%| S|CS|TAMS 0x00000000ed000000| PB 0x00000000ed000000| Complete 
| 209|0x00000000ed100000, 0x00000000ed100000, 0x00000000ed200000|  0%| F|  |TAMS 0x00000000ed100000| PB 0x00000000ed100000| Untracked 
| 210|0x00000000ed200000, 0x00000000ed200000, 0x00000000ed300000|  0%| F|  |TAMS 0x00000000ed200000| PB 0x00000000ed200000| Untracked 
| 211|0x00000000ed300000, 0x00000000ed300000, 0x00000000ed400000|  0%| F|  |TAMS 0x00000000ed300000| PB 0x00000000ed300000| Untracked 
| 212|0x00000000ed400000, 0x00000000ed400000, 0x00000000ed500000|  0%| F|  |TAMS 0x00000000ed400000| PB 0x00000000ed400000| Untracked 
| 213|0x00000000ed500000, 0x00000000ed500000, 0x00000000ed600000|  0%| F|  |TAMS 0x00000000ed500000| PB 0x00000000ed500000| Untracked 
| 214|0x00000000ed600000, 0x00000000ed600000, 0x00000000ed700000|  0%| F|  |TAMS 0x00000000ed600000| PB 0x00000000ed600000| Untracked 
| 215|0x00000000ed700000, 0x00000000ed700000, 0x00000000ed800000|  0%| F|  |TAMS 0x00000000ed700000| PB 0x00000000ed700000| Untracked 
| 216|0x00000000ed800000, 0x00000000ed800000, 0x00000000ed900000|  0%| F|  |TAMS 0x00000000ed800000| PB 0x00000000ed800000| Untracked 
| 217|0x00000000ed900000, 0x00000000ed900000, 0x00000000eda00000|  0%| F|  |TAMS 0x00000000ed900000| PB 0x00000000ed900000| Untracked 
| 218|0x00000000eda00000, 0x00000000eda00000, 0x00000000edb00000|  0%| F|  |TAMS 0x00000000eda00000| PB 0x00000000eda00000| Untracked 
| 219|0x00000000edb00000, 0x00000000edb00000, 0x00000000edc00000|  0%| F|  |TAMS 0x00000000edb00000| PB 0x00000000edb00000| Untracked 
| 220|0x00000000edc00000, 0x00000000edc00000, 0x00000000edd00000|  0%| F|  |TAMS 0x00000000edc00000| PB 0x00000000edc00000| Untracked 
| 221|0x00000000edd00000, 0x00000000edd00000, 0x00000000ede00000|  0%| F|  |TAMS 0x00000000edd00000| PB 0x00000000edd00000| Untracked 
| 222|0x00000000ede00000, 0x00000000ede00000, 0x00000000edf00000|  0%| F|  |TAMS 0x00000000ede00000| PB 0x00000000ede00000| Untracked 
| 223|0x00000000edf00000, 0x00000000edf00000, 0x00000000ee000000|  0%| F|  |TAMS 0x00000000edf00000| PB 0x00000000edf00000| Untracked 
| 224|0x00000000ee000000, 0x00000000ee000000, 0x00000000ee100000|  0%| F|  |TAMS 0x00000000ee000000| PB 0x00000000ee000000| Untracked 
| 225|0x00000000ee100000, 0x00000000ee200000, 0x00000000ee200000|100%| E|  |TAMS 0x00000000ee100000| PB 0x00000000ee100000| Complete 
| 226|0x00000000ee200000, 0x00000000ee300000, 0x00000000ee300000|100%| E|CS|TAMS 0x00000000ee200000| PB 0x00000000ee200000| Complete 
| 227|0x00000000ee300000, 0x00000000ee400000, 0x00000000ee400000|100%| E|CS|TAMS 0x00000000ee300000| PB 0x00000000ee300000| Complete 
| 228|0x00000000ee400000, 0x00000000ee500000, 0x00000000ee500000|100%| E|CS|TAMS 0x00000000ee400000| PB 0x00000000ee400000| Complete 
| 229|0x00000000ee500000, 0x00000000ee600000, 0x00000000ee600000|100%| E|CS|TAMS 0x00000000ee500000| PB 0x00000000ee500000| Complete 
| 230|0x00000000ee600000, 0x00000000ee700000, 0x00000000ee700000|100%| E|CS|TAMS 0x00000000ee600000| PB 0x00000000ee600000| Complete 
| 231|0x00000000ee700000, 0x00000000ee800000, 0x00000000ee800000|100%| E|CS|TAMS 0x00000000ee700000| PB 0x00000000ee700000| Complete 
| 232|0x00000000ee800000, 0x00000000ee900000, 0x00000000ee900000|100%| E|CS|TAMS 0x00000000ee800000| PB 0x00000000ee800000| Complete 
| 233|0x00000000ee900000, 0x00000000eea00000, 0x00000000eea00000|100%| E|CS|TAMS 0x00000000ee900000| PB 0x00000000ee900000| Complete 
| 234|0x00000000eea00000, 0x00000000eeb00000, 0x00000000eeb00000|100%| E|CS|TAMS 0x00000000eea00000| PB 0x00000000eea00000| Complete 
| 235|0x00000000eeb00000, 0x00000000eec00000, 0x00000000eec00000|100%| E|CS|TAMS 0x00000000eeb00000| PB 0x00000000eeb00000| Complete 
| 236|0x00000000eec00000, 0x00000000eed00000, 0x00000000eed00000|100%| E|CS|TAMS 0x00000000eec00000| PB 0x00000000eec00000| Complete 
| 237|0x00000000eed00000, 0x00000000eee00000, 0x00000000eee00000|100%| E|CS|TAMS 0x00000000eed00000| PB 0x00000000eed00000| Complete 
| 238|0x00000000eee00000, 0x00000000eef00000, 0x00000000eef00000|100%| E|CS|TAMS 0x00000000eee00000| PB 0x00000000eee00000| Complete 
| 239|0x00000000eef00000, 0x00000000ef000000, 0x00000000ef000000|100%| E|CS|TAMS 0x00000000eef00000| PB 0x00000000eef00000| Complete 
| 240|0x00000000ef000000, 0x00000000ef100000, 0x00000000ef100000|100%| E|CS|TAMS 0x00000000ef000000| PB 0x00000000ef000000| Complete 
| 241|0x00000000ef100000, 0x00000000ef200000, 0x00000000ef200000|100%| E|CS|TAMS 0x00000000ef100000| PB 0x00000000ef100000| Complete 
| 242|0x00000000ef200000, 0x00000000ef300000, 0x00000000ef300000|100%| E|CS|TAMS 0x00000000ef200000| PB 0x00000000ef200000| Complete 
| 243|0x00000000ef300000, 0x00000000ef400000, 0x00000000ef400000|100%| E|CS|TAMS 0x00000000ef300000| PB 0x00000000ef300000| Complete 
| 244|0x00000000ef400000, 0x00000000ef500000, 0x00000000ef500000|100%| E|CS|TAMS 0x00000000ef400000| PB 0x00000000ef400000| Complete 
| 245|0x00000000ef500000, 0x00000000ef600000, 0x00000000ef600000|100%| E|CS|TAMS 0x00000000ef500000| PB 0x00000000ef500000| Complete 
| 246|0x00000000ef600000, 0x00000000ef700000, 0x00000000ef700000|100%| E|CS|TAMS 0x00000000ef600000| PB 0x00000000ef600000| Complete 
| 247|0x00000000ef700000, 0x00000000ef800000, 0x00000000ef800000|100%| E|CS|TAMS 0x00000000ef700000| PB 0x00000000ef700000| Complete 
| 248|0x00000000ef800000, 0x00000000ef900000, 0x00000000ef900000|100%| E|CS|TAMS 0x00000000ef800000| PB 0x00000000ef800000| Complete 
| 249|0x00000000ef900000, 0x00000000efa00000, 0x00000000efa00000|100%| E|CS|TAMS 0x00000000ef900000| PB 0x00000000ef900000| Complete 
| 250|0x00000000efa00000, 0x00000000efb00000, 0x00000000efb00000|100%| E|CS|TAMS 0x00000000efa00000| PB 0x00000000efa00000| Complete 
| 251|0x00000000efb00000, 0x00000000efc00000, 0x00000000efc00000|100%| E|CS|TAMS 0x00000000efb00000| PB 0x00000000efb00000| Complete 
| 252|0x00000000efc00000, 0x00000000efd00000, 0x00000000efd00000|100%| E|CS|TAMS 0x00000000efc00000| PB 0x00000000efc00000| Complete 
| 253|0x00000000efd00000, 0x00000000efe00000, 0x00000000efe00000|100%| E|CS|TAMS 0x00000000efd00000| PB 0x00000000efd00000| Complete 
| 254|0x00000000efe00000, 0x00000000eff00000, 0x00000000eff00000|100%| E|CS|TAMS 0x00000000efe00000| PB 0x00000000efe00000| Complete 
| 255|0x00000000eff00000, 0x00000000f0000000, 0x00000000f0000000|100%| E|CS|TAMS 0x00000000eff00000| PB 0x00000000eff00000| Complete 

Card table byte_map: [0x00000206a0bf0000,0x00000206a0cf0000] _byte_map_base: 0x00000206a04f0000

Marking Bits: (CMBitMap*) 0x00000206882e3600
 Bits: [0x00000206a0cf0000, 0x00000206a14f0000)

Polling page: 0x00000206881a0000

Metaspace:

Usage:
  Non-class:     11.35 MB used.
      Class:      1.68 MB used.
       Both:     13.03 MB used.

Virtual space:
  Non-class space:       64.00 MB reserved,      11.50 MB ( 18%) committed,  1 nodes.
      Class space:      320.00 MB reserved,       1.88 MB ( <1%) committed,  1 nodes.
             Both:      384.00 MB reserved,      13.38 MB (  3%) committed. 

Chunk freelists:
   Non-Class:  3.67 MB
       Class:  14.17 MB
        Both:  17.84 MB

MaxMetaspaceSize: 384.00 MB
CompressedClassSpaceSize: 320.00 MB
Initial GC threshold: 21.00 MB
Current GC threshold: 21.00 MB
CDS: on
 - commit_granule_bytes: 65536.
 - commit_granule_words: 8192.
 - virtual_space_node_default_size: 8388608.
 - enlarge_chunks_in_place: 1.
 - use_allocation_guard: 0.


Internal statistics:

num_allocs_failed_limit: 0.
num_arena_births: 406.
num_arena_deaths: 0.
num_vsnodes_births: 2.
num_vsnodes_deaths: 0.
num_space_committed: 214.
num_space_uncommitted: 0.
num_chunks_returned_to_freelist: 0.
num_chunks_taken_from_freelist: 822.
num_chunk_merges: 0.
num_chunk_splits: 520.
num_chunks_enlarged: 353.
num_inconsistent_stats: 0.

CodeHeap 'non-profiled nmethods': size=119168Kb used=1184Kb max_used=1184Kb free=117983Kb
 bounds [0x00000206987a0000, 0x0000020698a10000, 0x000002069fc00000]
CodeHeap 'profiled nmethods': size=119104Kb used=5362Kb max_used=5362Kb free=113741Kb
 bounds [0x0000020690c00000, 0x0000020691140000, 0x0000020698050000]
CodeHeap 'non-nmethods': size=7488Kb used=2020Kb max_used=3161Kb free=5467Kb
 bounds [0x0000020698050000, 0x0000020698370000, 0x00000206987a0000]
 total_blobs=3214 nmethods=2670 adapters=447
 compilation: enabled
              stopped_count=0, restarted_count=0
 full_count=0

Compilation events (20 events):
Event: 9.597 Thread 0x00000206a48a8a00 2652       3       java.util.concurrent.TimeUnit::toNanos (45 bytes)
Event: 9.598 Thread 0x00000206a48a8a00 nmethod 2652 0x0000020691137e10 code [0x0000020691137fc0, 0x0000020691138228]
Event: 9.707 Thread 0x00000206a48a8a00 2655       1       jdk.internal.event.ThreadSleepEvent::isEnabled (2 bytes)
Event: 9.707 Thread 0x00000206a44876f0 2657       3       java.util.concurrent.locks.AbstractQueuedSynchronizer$ConditionObject::canReacquire (38 bytes)
Event: 9.707 Thread 0x00000206a48a8a00 nmethod 2655 0x00000206988c7410 code [0x00000206988c75a0, 0x00000206988c7668]
Event: 9.707 Thread 0x00000206a48a8a00 2658       3       jdk.internal.misc.Unsafe::putReferenceOpaque (9 bytes)
Event: 9.707 Thread 0x00000206a48a8a00 nmethod 2658 0x0000020691138290 code [0x0000020691138420, 0x0000020691138580]
Event: 9.708 Thread 0x00000206a44876f0 nmethod 2657 0x0000020691138610 code [0x00000206911387e0, 0x0000020691138b50]
Event: 9.755 Thread 0x00000206a48a8a00 2659       3       java.util.concurrent.locks.LockSupport::setBlocker (12 bytes)
Event: 9.755 Thread 0x00000206a48a8a00 nmethod 2659 0x0000020691138c90 code [0x0000020691138e40, 0x0000020691139050]
Event: 9.833 Thread 0x00000206a48a8a00 2661       1       org.gradle.launcher.daemon.server.exec.DaemonConnectionBackedEventConsumer::access$000 (5 bytes)
Event: 9.833 Thread 0x00000206a48a8a00 nmethod 2661 0x00000206988c7b10 code [0x00000206988c7ca0, 0x00000206988c7d50]
Event: 10.100 Thread 0x00000206a48a8a00 2662       1       java.util.stream.ReferencePipeline$StatelessOp::opIsStateful (2 bytes)
Event: 10.100 Thread 0x00000206a48a8a00 nmethod 2662 0x00000206988c7e10 code [0x00000206988c7fa0, 0x00000206988c8068]
Event: 10.318 Thread 0x00000206a48a8a00 2664       3       java.lang.Thread::isVirtual (5 bytes)
Event: 10.318 Thread 0x00000206a48a8a00 nmethod 2664 0x0000020691139110 code [0x00000206911392c0, 0x00000206911394c8]
Event: 10.348 Thread 0x00000206a48a8a00 2665       3       jdk.internal.misc.Unsafe::weakCompareAndSetInt (11 bytes)
Event: 10.348 Thread 0x00000206a48a8a00 nmethod 2665 0x0000020691139590 code [0x0000020691139720, 0x0000020691139848]
Event: 11.098 Thread 0x00000206a48a8a00 2666       3       java.util.stream.StreamOpFlag::fromCharacteristics (37 bytes)
Event: 11.098 Thread 0x00000206a44876f0 2667       3       java.util.stream.AbstractPipeline::<init> (55 bytes)

GC Heap History (6 events):
Event: 2.123 GC heap before
{Heap before GC invocations=0 (full 0):
 garbage-first heap   total 262144K, used 26624K [0x00000000e0000000, 0x0000000100000000)
  region size 1024K, 23 young (23552K), 0 survivors (0K)
 Metaspace       used 1162K, committed 1280K, reserved 393216K
  class space    used 81K, committed 128K, reserved 327680K
}
Event: 2.139 GC heap after
{Heap after GC invocations=1 (full 0):
 garbage-first heap   total 262144K, used 10197K [0x00000000e0000000, 0x0000000100000000)
  region size 1024K, 3 young (3072K), 3 survivors (3072K)
 Metaspace       used 1162K, committed 1280K, reserved 393216K
  class space    used 81K, committed 128K, reserved 327680K
}
Event: 4.142 GC heap before
{Heap before GC invocations=1 (full 0):
 garbage-first heap   total 262144K, used 41941K [0x00000000e0000000, 0x0000000100000000)
  region size 1024K, 34 young (34816K), 3 survivors (3072K)
 Metaspace       used 4413K, committed 4608K, reserved 393216K
  class space    used 533K, committed 640K, reserved 327680K
}
Event: 4.147 GC heap after
{Heap after GC invocations=2 (full 0):
 garbage-first heap   total 262144K, used 12170K [0x00000000e0000000, 0x0000000100000000)
  region size 1024K, 3 young (3072K), 3 survivors (3072K)
 Metaspace       used 4413K, committed 4608K, reserved 393216K
  class space    used 533K, committed 640K, reserved 327680K
}
Event: 5.964 GC heap before
{Heap before GC invocations=2 (full 0):
 garbage-first heap   total 262144K, used 59274K [0x00000000e0000000, 0x0000000100000000)
  region size 1024K, 47 young (48128K), 3 survivors (3072K)
 Metaspace       used 6048K, committed 6336K, reserved 393216K
  class space    used 762K, committed 896K, reserved 327680K
}
Event: 5.969 GC heap after
{Heap after GC invocations=3 (full 0):
 garbage-first heap   total 262144K, used 18757K [0x00000000e0000000, 0x0000000100000000)
  region size 1024K, 6 young (6144K), 6 survivors (6144K)
 Metaspace       used 6048K, committed 6336K, reserved 393216K
  class space    used 762K, committed 896K, reserved 327680K
}

Dll operation events (15 events):
Event: 0.052 Loaded shared library C:\Program Files\Java\jdk-21\bin\java.dll
Event: 0.196 Loaded shared library C:\Program Files\Java\jdk-21\bin\jsvml.dll
Event: 0.286 Loaded shared library C:\Program Files\Java\jdk-21\bin\zip.dll
Event: 0.299 Loaded shared library C:\Program Files\Java\jdk-21\bin\instrument.dll
Event: 0.314 Loaded shared library C:\Program Files\Java\jdk-21\bin\net.dll
Event: 0.329 Loaded shared library C:\Program Files\Java\jdk-21\bin\nio.dll
Event: 0.336 Loaded shared library C:\Program Files\Java\jdk-21\bin\zip.dll
Event: 1.402 Loaded shared library C:\Program Files\Java\jdk-21\bin\jimage.dll
Event: 2.248 Loaded shared library C:\Program Files\Java\jdk-21\bin\verify.dll
Event: 2.563 Loaded shared library C:\Users\Administrator\.gradle\native\c067742578af261105cb4f569cf0c3c89f3d7b1fecec35dd04571415982c5e48\windows-amd64\native-platform.dll
Event: 2.585 Loaded shared library C:\Users\Administrator\.gradle\native\100fb08df4bc3b14c8652ba06237920a3bd2aa13389f12d3474272988ae205f9\windows-amd64\native-platform-file-events.dll
Event: 6.014 Loaded shared library C:\Program Files\Java\jdk-21\bin\management.dll
Event: 6.030 Loaded shared library C:\Program Files\Java\jdk-21\bin\management_ext.dll
Event: 6.772 Loaded shared library C:\Program Files\Java\jdk-21\bin\extnet.dll
Event: 7.445 Loaded shared library C:\Program Files\Java\jdk-21\bin\sunmscapi.dll

Deoptimization events (20 events):
Event: 7.672 Thread 0x00000206bf6f6440 Uncommon trap: trap_request=0xffffff6e fr.pc=0x0000020698859c2c relative=0x00000000000003ec
Event: 7.672 Thread 0x00000206bf6f6440 Uncommon trap: reason=loop_limit_check action=maybe_recompile pc=0x0000020698859c2c method=java.lang.StringLatin1.indexOf([BI[BII)I @ 37 c2
Event: 7.672 Thread 0x00000206bf6f6440 DEOPT PACKING pc=0x0000020698859c2c sp=0x00000077a88fecd0
Event: 7.672 Thread 0x00000206bf6f6440 DEOPT UNPACKING pc=0x00000206980a46a2 sp=0x00000077a88fec58 mode 2
Event: 7.933 Thread 0x00000206bf6f6440 Uncommon trap: trap_request=0xffffff45 fr.pc=0x000002069884cdc0 relative=0x00000000000001e0
Event: 7.933 Thread 0x00000206bf6f6440 Uncommon trap: reason=unstable_if action=reinterpret pc=0x000002069884cdc0 method=java.util.HashMap.getNode(Ljava/lang/Object;)Ljava/util/HashMap$Node; @ 66 c2
Event: 7.933 Thread 0x00000206bf6f6440 DEOPT PACKING pc=0x000002069884cdc0 sp=0x00000077a88fc780
Event: 7.933 Thread 0x00000206bf6f6440 DEOPT UNPACKING pc=0x00000206980a46a2 sp=0x00000077a88fc6a0 mode 2
Event: 7.933 Thread 0x00000206bf6f6440 Uncommon trap: trap_request=0xffffff45 fr.pc=0x00000206988bb3e0 relative=0x00000000000007a0
Event: 7.933 Thread 0x00000206bf6f6440 Uncommon trap: reason=unstable_if action=reinterpret pc=0x00000206988bb3e0 method=java.util.HashMap.putVal(ILjava/lang/Object;Ljava/lang/Object;ZZ)Ljava/lang/Object; @ 94 c2
Event: 7.933 Thread 0x00000206bf6f6440 DEOPT PACKING pc=0x00000206988bb3e0 sp=0x00000077a88fc6f0
Event: 7.933 Thread 0x00000206bf6f6440 DEOPT UNPACKING pc=0x00000206980a46a2 sp=0x00000077a88fc688 mode 2
Event: 7.933 Thread 0x00000206bf6f6440 Uncommon trap: trap_request=0xffffff45 fr.pc=0x0000020698821bfc relative=0x000000000000019c
Event: 7.933 Thread 0x00000206bf6f6440 Uncommon trap: reason=unstable_if action=reinterpret pc=0x0000020698821bfc method=java.util.HashMap.getNode(Ljava/lang/Object;)Ljava/util/HashMap$Node; @ 66 c2
Event: 7.933 Thread 0x00000206bf6f6440 DEOPT PACKING pc=0x0000020698821bfc sp=0x00000077a88fc720
Event: 7.933 Thread 0x00000206bf6f6440 DEOPT UNPACKING pc=0x00000206980a46a2 sp=0x00000077a88fc6a0 mode 2
Event: 7.953 Thread 0x00000206bf6f6440 Uncommon trap: trap_request=0xffffff45 fr.pc=0x000002069885ea28 relative=0x0000000000000268
Event: 7.953 Thread 0x00000206bf6f6440 Uncommon trap: reason=unstable_if action=reinterpret pc=0x000002069885ea28 method=java.util.concurrent.ConcurrentHashMap.get(Ljava/lang/Object;)Ljava/lang/Object; @ 76 c2
Event: 7.953 Thread 0x00000206bf6f6440 DEOPT PACKING pc=0x000002069885ea28 sp=0x00000077a88fbc40
Event: 7.954 Thread 0x00000206bf6f6440 DEOPT UNPACKING pc=0x00000206980a46a2 sp=0x00000077a88fbba8 mode 2

Classes loaded (20 events):
Event: 7.942 Loading class sun/reflect/generics/tree/Wildcard
Event: 7.942 Loading class sun/reflect/generics/tree/Wildcard done
Event: 7.942 Loading class sun/reflect/generics/reflectiveObjects/WildcardTypeImpl
Event: 7.942 Loading class sun/reflect/generics/reflectiveObjects/WildcardTypeImpl done
Event: 7.944 Loading class java/lang/annotation/ElementType
Event: 7.945 Loading class java/lang/annotation/ElementType done
Event: 7.948 Loading class java/lang/Deprecated
Event: 7.951 Loading class java/lang/Deprecated done
Event: 7.953 Loading class jdk/internal/vm/annotation/IntrinsicCandidate
Event: 7.953 Loading class jdk/internal/vm/annotation/IntrinsicCandidate done
Event: 7.956 Loading class java/util/stream/MatchOps$MatchKind
Event: 7.957 Loading class java/util/stream/MatchOps$MatchKind done
Event: 7.957 Loading class java/util/stream/MatchOps
Event: 7.959 Loading class java/util/stream/MatchOps done
Event: 7.959 Loading class java/util/stream/MatchOps$MatchOp
Event: 7.959 Loading class java/util/stream/MatchOps$MatchOp done
Event: 7.959 Loading class java/util/stream/MatchOps$BooleanTerminalSink
Event: 7.959 Loading class java/util/stream/MatchOps$BooleanTerminalSink done
Event: 7.960 Loading class java/util/stream/MatchOps$1MatchSink
Event: 7.960 Loading class java/util/stream/MatchOps$1MatchSink done

Classes unloaded (0 events):
No events

Classes redefined (0 events):
No events

Internal exceptions (20 events):
Event: 6.125 Thread 0x0000020686877b70 Exception <a 'java/lang/NoSuchMethodError'{0x00000000efc31f58}: 'java.lang.Object java.lang.invoke.DirectMethodHandle$Holder.invokeStatic(java.lang.Object, java.lang.Object, java.lang.Object, java.lang.Object, java.lang.Object, java.lang.Object, java.lang.Object, java.lang.Object, java.lang.Object, java.lang.Object, java.lang.Object, java.lang.Object, java.lang.Object, java.lang.Object, java.lang.Object, java.lang.Object)'> (0x00000000efc31f58) 
thrown [s\open\src\hotspot\share\interpreter\linkResolver.cpp
Event: 6.221 Thread 0x0000020686877b70 Exception <a 'java/lang/NoSuchMethodError'{0x00000000ef94d330}: 'java.lang.Object java.lang.invoke.DirectMethodHandle$Holder.invokeVirtual(java.lang.Object, java.lang.Object, java.lang.Object, java.lang.Object, java.lang.Object, java.lang.Object, java.lang.Object)'> (0x00000000ef94d330) 
thrown [s\open\src\hotspot\share\interpreter\linkResolver.cpp, line 773]
Event: 6.238 Thread 0x0000020686877b70 Exception <a 'java/lang/NoSuchMethodError'{0x00000000ef9da810}: 'java.lang.Object java.lang.invoke.DirectMethodHandle$Holder.invokeVirtual(java.lang.Object, java.lang.Object, java.lang.Object, java.lang.Object, java.lang.Object, java.lang.Object, java.lang.Object, java.lang.Object, java.lang.Object)'> (0x00000000ef9da810) 
thrown [s\open\src\hotspot\share\interpreter\linkResolver.cpp, line 773]
Event: 6.325 Thread 0x0000020686877b70 Exception <a 'java/lang/NoSuchMethodError'{0x00000000ef778580}: 'java.lang.Object java.lang.invoke.DirectMethodHandle$Holder.invokeStaticInit(java.lang.Object, int, int, int, int)'> (0x00000000ef778580) 
thrown [s\open\src\hotspot\share\interpreter\linkResolver.cpp, line 773]
Event: 6.730 Thread 0x0000020686877b70 Exception <a 'java/lang/NoSuchMethodError'{0x00000000ef7de5a8}: 'java.lang.Object java.lang.invoke.DirectMethodHandle$Holder.invokeStaticInit(java.lang.Object, java.lang.Object, int, int, int, int)'> (0x00000000ef7de5a8) 
thrown [s\open\src\hotspot\share\interpreter\linkResolver.cpp, line 773]
Event: 7.370 Thread 0x0000020686877b70 Exception <a 'java/io/IOException'{0x00000000ef3bb570}> (0x00000000ef3bb570) 
thrown [s\open\src\hotspot\share\prims\jni.cpp, line 520]
Event: 7.378 Thread 0x0000020686877b70 Implicit null exception at 0x00000206987ef024 to 0x00000206987ef688
Event: 7.598 Thread 0x00000206bf7a4e80 Exception <a 'java/lang/NoSuchMethodError'{0x00000000eee6c148}: 'long java.lang.invoke.DirectMethodHandle$Holder.invokeSpecial(java.lang.Object, java.lang.Object)'> (0x00000000eee6c148) 
thrown [s\open\src\hotspot\share\interpreter\linkResolver.cpp, line 773]
Event: 7.598 Thread 0x00000206bf7a4e80 Exception <a 'java/lang/NoSuchMethodError'{0x00000000eee6f570}: 'long java.lang.invoke.Invokers$Holder.invokeExact_MT(java.lang.Object, java.lang.Object)'> (0x00000000eee6f570) 
thrown [s\open\src\hotspot\share\interpreter\linkResolver.cpp, line 773]
Event: 7.608 Thread 0x00000206bf7a4e80 Exception <a 'java/lang/NoSuchMethodError'{0x00000000eee95db8}: 'void java.lang.invoke.DirectMethodHandle$Holder.invokeSpecial(java.lang.Object, java.lang.Object, java.lang.Object)'> (0x00000000eee95db8) 
thrown [s\open\src\hotspot\share\interpreter\linkResolver.cpp, line 773]
Event: 7.621 Thread 0x00000206bf7a4e80 Exception <a 'java/lang/NoSuchMethodError'{0x00000000eeec18f8}: static Lorg/gradle/tooling/internal/provider/serialization/ClassLoaderDetails;.<clinit>()V> (0x00000000eeec18f8) 
thrown [s\open\src\hotspot\share\prims\jni.cpp, line 1111]
Event: 7.626 Thread 0x00000206bf7a4e80 Exception <a 'java/lang/NoSuchMethodError'{0x00000000eeedbb68}: static Lorg/gradle/internal/classloader/ClassLoaderSpec;.<clinit>()V> (0x00000000eeedbb68) 
thrown [s\open\src\hotspot\share\prims\jni.cpp, line 1111]
Event: 7.627 Thread 0x00000206bf7a4e80 Exception <a 'java/lang/NoSuchMethodError'{0x00000000eeee5600}: static Lorg/gradle/tooling/internal/provider/serialization/WellKnownClassLoaderRegistry$KnownClassLoaderSpec;.<clinit>()V> (0x00000000eeee5600) 
thrown [s\open\src\hotspot\share\prims\jni.cpp, line 1111]
Event: 7.630 Thread 0x00000206bf7a4e80 Exception <a 'java/lang/NoSuchMethodError'{0x00000000eeefda68}: static Lorg/gradle/tooling/internal/provider/serialization/ClientOwnedClassLoaderSpec;.<clinit>()V> (0x00000000eeefda68) 
thrown [s\open\src\hotspot\share\prims\jni.cpp, line 1111]
Event: 7.761 Thread 0x00000206bf6f6440 Exception <a 'java/lang/NoSuchMethodError'{0x00000000ee9d61b8}: 'long java.lang.invoke.DirectMethodHandle$Holder.invokeInterface(java.lang.Object, java.lang.Object)'> (0x00000000ee9d61b8) 
thrown [s\open\src\hotspot\share\interpreter\linkResolver.cpp, line 773]
Event: 7.879 Thread 0x00000206bf6f6440 Exception <a 'java/lang/NoSuchMethodError'{0x00000000ee4075b8}: 'void java.lang.invoke.DirectMethodHandle$Holder.invokeStatic(java.lang.Object, java.lang.Object)'> (0x00000000ee4075b8) 
thrown [s\open\src\hotspot\share\interpreter\linkResolver.cpp, line 773]
Event: 7.887 Thread 0x00000206bf6f6440 Exception <a 'java/lang/NoSuchMethodError'{0x00000000ee43e1f0}: 'java.lang.Object java.lang.invoke.DirectMethodHandle$Holder.invokeVirtual(java.lang.Object, java.lang.Object, java.lang.Object, java.lang.Object, java.lang.Object, java.lang.Object, java.lang.Object, java.lang.Object, java.lang.Object, java.lang.Object, java.lang.Object, java.lang.Object)'> (0x00000000ee43e1f0) 
thrown [s\open\src\hotspot\share\interpreter\linkResolver.cpp, line 773]
Event: 7.888 Thread 0x00000206bf6f6440 Exception <a 'java/lang/NoSuchMethodError'{0x00000000ee443178}: 'java.lang.Object java.lang.invoke.DirectMethodHandle$Holder.invokeSpecial(java.lang.Object, java.lang.Object, java.lang.Object, java.lang.Object, java.lang.Object, java.lang.Object, java.lang.Object, java.lang.Object, java.lang.Object, java.lang.Object, java.lang.Object, java.lang.Object, java.lang.Object)'> (0x00000000ee443178) 
thrown [s\open\src\hotspot\share\interpreter\linkResolver.cpp, line 773]
Event: 7.946 Thread 0x00000206bf6f6440 Exception <a 'java/lang/NoSuchMethodError'{0x00000000ee3ec170}: 'java.lang.Object java.lang.invoke.DirectMethodHandle$Holder.newInvokeSpecial(java.lang.Object, java.lang.Object, java.lang.Object, java.lang.Object, java.lang.Object)'> (0x00000000ee3ec170) 
thrown [s\open\src\hotspot\share\interpreter\linkResolver.cpp, line 773]
Event: 7.966 Thread 0x00000206bf6f6440 Exception <a 'java/lang/NoSuchMethodError'{0x00000000ee243fd8}: 'int java.lang.invoke.DirectMethodHandle$Holder.invokeVirtual(java.lang.Object, java.lang.Object, java.lang.Object)'> (0x00000000ee243fd8) 
thrown [s\open\src\hotspot\share\interpreter\linkResolver.cpp, line 773]

ZGC Phase Switch (0 events):
No events

VM Operations (20 events):
Event: 6.097 Executing VM operation: HandshakeAllThreads (Deoptimize)
Event: 6.098 Executing VM operation: HandshakeAllThreads (Deoptimize) done
Event: 6.098 Executing VM operation: HandshakeAllThreads (Deoptimize)
Event: 6.098 Executing VM operation: HandshakeAllThreads (Deoptimize) done
Event: 6.152 Executing VM operation: HandshakeAllThreads (Deoptimize)
Event: 6.158 Executing VM operation: HandshakeAllThreads (Deoptimize) done
Event: 6.217 Executing VM operation: HandshakeAllThreads (Deoptimize)
Event: 6.217 Executing VM operation: HandshakeAllThreads (Deoptimize) done
Event: 6.274 Executing VM operation: HandshakeAllThreads (Deoptimize)
Event: 6.274 Executing VM operation: HandshakeAllThreads (Deoptimize) done
Event: 6.689 Executing VM operation: HandshakeAllThreads (Deoptimize)
Event: 6.689 Executing VM operation: HandshakeAllThreads (Deoptimize) done
Event: 7.290 Executing VM operation: HandshakeAllThreads (Deoptimize)
Event: 7.290 Executing VM operation: HandshakeAllThreads (Deoptimize) done
Event: 7.290 Executing VM operation: Cleanup
Event: 7.290 Executing VM operation: Cleanup done
Event: 7.454 Executing VM operation: HandshakeAllThreads (Deoptimize)
Event: 7.455 Executing VM operation: HandshakeAllThreads (Deoptimize) done
Event: 8.459 Executing VM operation: Cleanup
Event: 8.459 Executing VM operation: Cleanup done

Events (20 events):
Event: 0.367 Thread 0x00000206a46585d0 Thread added: 0x00000206a46585d0
Event: 5.605 Thread 0x00000206be7e79b0 Thread added: 0x00000206be7e79b0
Event: 5.685 Thread 0x00000206a48a8a00 Thread added: 0x00000206a48a8a00
Event: 5.686 Thread 0x00000206a48a90b0 Thread added: 0x00000206a48a90b0
Event: 5.687 Thread 0x00000206a48a9760 Thread added: 0x00000206a48a9760
Event: 6.099 Thread 0x00000206a47b5c00 Thread added: 0x00000206a47b5c00
Event: 6.690 Thread 0x00000206be7e79b0 Thread exited: 0x00000206be7e79b0
Event: 7.239 Thread 0x00000206bf6978c0 Thread added: 0x00000206bf6978c0
Event: 7.257 Thread 0x00000206bf526220 Thread added: 0x00000206bf526220
Event: 7.385 Thread 0x00000206bf82d590 Thread added: 0x00000206bf82d590
Event: 7.522 Thread 0x00000206bf7776a0 Thread added: 0x00000206bf7776a0
Event: 7.526 Thread 0x00000206bf7a4e80 Thread added: 0x00000206bf7a4e80
Event: 7.602 Thread 0x00000206bf526220 Thread exited: 0x00000206bf526220
Event: 7.645 Thread 0x00000206bf6f5dd0 Thread added: 0x00000206bf6f5dd0
Event: 7.663 Thread 0x00000206bf6f6440 Thread added: 0x00000206bf6f6440
Event: 7.686 Thread 0x00000206bf87ece0 Thread added: 0x00000206bf87ece0
Event: 7.692 Thread 0x00000206bf87e650 Thread added: 0x00000206bf87e650
Event: 7.696 Thread 0x00000206bf87f370 Thread added: 0x00000206bf87f370
Event: 12.003 Thread 0x00000206a48a9760 Thread exited: 0x00000206a48a9760
Event: 12.003 Thread 0x00000206a48a90b0 Thread exited: 0x00000206a48a90b0


Dynamic libraries:
0x00007ff7b3ce0000 - 0x00007ff7b3cf0000 	C:\Program Files\Java\jdk-21\bin\java.exe
0x00007ffc8dc60000 - 0x00007ffc8dec8000 	C:\WINDOWS\SYSTEM32\ntdll.dll
0x00007ffc8d950000 - 0x00007ffc8da19000 	C:\WINDOWS\System32\KERNEL32.DLL
0x00007ffc8b360000 - 0x00007ffc8b758000 	C:\WINDOWS\System32\KERNELBASE.dll
0x00007ffc8ae70000 - 0x00007ffc8afbb000 	C:\WINDOWS\System32\ucrtbase.dll
0x00007ffc78a80000 - 0x00007ffc78a99000 	C:\Program Files\Java\jdk-21\bin\jli.dll
0x00007ffc8da20000 - 0x00007ffc8dad4000 	C:\WINDOWS\System32\ADVAPI32.dll
0x00007ffc8c330000 - 0x00007ffc8c3d9000 	C:\WINDOWS\System32\msvcrt.dll
0x00007ffc8dae0000 - 0x00007ffc8db86000 	C:\WINDOWS\System32\sechost.dll
0x00007ffc8d620000 - 0x00007ffc8d738000 	C:\WINDOWS\System32\RPCRT4.dll
0x00007ffc8cde0000 - 0x00007ffc8cfa7000 	C:\WINDOWS\System32\USER32.dll
0x00007ffc8b760000 - 0x00007ffc8b787000 	C:\WINDOWS\System32\win32u.dll
0x00007ffc8d740000 - 0x00007ffc8d76b000 	C:\WINDOWS\System32\GDI32.dll
0x00007ffc8b790000 - 0x00007ffc8b8bc000 	C:\WINDOWS\System32\gdi32full.dll
0x00007ffc8b130000 - 0x00007ffc8b1d3000 	C:\WINDOWS\System32\msvcp_win.dll
0x00007ffc78510000 - 0x00007ffc7852b000 	C:\Program Files\Java\jdk-21\bin\VCRUNTIME140.dll
0x00007ffc6b8c0000 - 0x00007ffc6bb54000 	C:\WINDOWS\WinSxS\amd64_microsoft.windows.common-controls_6595b64144ccf1df_6.0.26100.7019_none_3e06ffa0e335b8a8\COMCTL32.dll
0x00007ffc8a5d0000 - 0x00007ffc8a5db000 	C:\WINDOWS\SYSTEM32\VERSION.dll
0x00007ffc8c460000 - 0x00007ffc8c491000 	C:\WINDOWS\System32\IMM32.DLL
0x000000005f100000 - 0x000000005f10d000 	C:\Program Files (x86)\360\360Safe\safemon\SafeWrapper.dll
0x00007ffc855b0000 - 0x00007ffc856b4000 	C:\Program Files (x86)\360\360Safe\safemon\libzdtp64.dll
0x00007ffc8bbd0000 - 0x00007ffc8c31f000 	C:\WINDOWS\System32\SHELL32.dll
0x00007ffc8afc0000 - 0x00007ffc8b12b000 	C:\WINDOWS\System32\wintypes.dll
0x00007ffc8d230000 - 0x00007ffc8d5bb000 	C:\WINDOWS\System32\combase.dll
0x00007ffc8c3e0000 - 0x00007ffc8c447000 	C:\WINDOWS\System32\SHLWAPI.dll
0x00007ffc844e0000 - 0x00007ffc844ec000 	C:\Program Files\Java\jdk-21\bin\vcruntime140_1.dll
0x00007ffc5b8a0000 - 0x00007ffc5b92e000 	C:\Program Files\Java\jdk-21\bin\msvcp140.dll
0x00007ffbe3a00000 - 0x00007ffbe471d000 	C:\Program Files\Java\jdk-21\bin\server\jvm.dll
0x00007ffc8cd60000 - 0x00007ffc8cdd4000 	C:\WINDOWS\System32\WS2_32.dll
0x00007ffc7fd70000 - 0x00007ffc7fda5000 	C:\WINDOWS\SYSTEM32\WINMM.dll
0x00007ffc8ac10000 - 0x00007ffc8ac6e000 	C:\WINDOWS\SYSTEM32\POWRPROF.dll
0x00007ffc8abf0000 - 0x00007ffc8ac04000 	C:\WINDOWS\SYSTEM32\UMPDC.dll
0x00007ffc89ab0000 - 0x00007ffc89acb000 	C:\WINDOWS\SYSTEM32\kernel.appcore.dll
0x00007ffc844b0000 - 0x00007ffc844ba000 	C:\Program Files\Java\jdk-21\bin\jimage.dll
0x00007ffc88590000 - 0x00007ffc887d2000 	C:\WINDOWS\SYSTEM32\DBGHELP.DLL
0x00007ffc8d0b0000 - 0x00007ffc8d187000 	C:\WINDOWS\System32\OLEAUT32.dll
0x00007ffc6d6d0000 - 0x00007ffc6d70c000 	C:\WINDOWS\SYSTEM32\dbgcore.DLL
0x00007ffc8b950000 - 0x00007ffc8b9f5000 	C:\WINDOWS\System32\bcryptPrimitives.dll
0x00007ffc6f0e0000 - 0x00007ffc6f0ef000 	C:\Program Files\Java\jdk-21\bin\instrument.dll
0x00007ffc72b60000 - 0x00007ffc72b7f000 	C:\Program Files\Java\jdk-21\bin\java.dll
0x00007ffc88930000 - 0x00007ffc8918d000 	C:\WINDOWS\SYSTEM32\windows.storage.dll
0x00007ffc8cc60000 - 0x00007ffc8cd52000 	C:\WINDOWS\System32\SHCORE.dll
0x00007ffc8acd0000 - 0x00007ffc8acf9000 	C:\WINDOWS\SYSTEM32\profapi.dll
0x00007ffc57820000 - 0x00007ffc578f7000 	C:\Program Files\Java\jdk-21\bin\jsvml.dll
0x00007ffc6f100000 - 0x00007ffc6f118000 	C:\Program Files\Java\jdk-21\bin\zip.dll
0x00007ffc7a910000 - 0x00007ffc7a920000 	C:\Program Files\Java\jdk-21\bin\net.dll
0x00007ffc81a50000 - 0x00007ffc81b78000 	C:\WINDOWS\SYSTEM32\WINHTTP.dll
0x00007ffc8a020000 - 0x00007ffc8a08b000 	C:\WINDOWS\system32\mswsock.dll
0x00007ffc71ba0000 - 0x00007ffc71bb6000 	C:\Program Files\Java\jdk-21\bin\nio.dll
0x00007ffc78340000 - 0x00007ffc78350000 	C:\Program Files\Java\jdk-21\bin\verify.dll
0x00007ffc62d40000 - 0x00007ffc62d67000 	C:\Users\Administrator\.gradle\native\c067742578af261105cb4f569cf0c3c89f3d7b1fecec35dd04571415982c5e48\windows-amd64\native-platform.dll
0x00007ffc1b500000 - 0x00007ffc1b644000 	C:\Users\Administrator\.gradle\native\100fb08df4bc3b14c8652ba06237920a3bd2aa13389f12d3474272988ae205f9\windows-amd64\native-platform-file-events.dll
0x00007ffc74010000 - 0x00007ffc7401a000 	C:\Program Files\Java\jdk-21\bin\management.dll
0x00007ffc71b90000 - 0x00007ffc71b9b000 	C:\Program Files\Java\jdk-21\bin\management_ext.dll
0x00007ffc8bb00000 - 0x00007ffc8bb08000 	C:\WINDOWS\System32\PSAPI.DLL
0x00007ffc8a2e0000 - 0x00007ffc8a2fb000 	C:\WINDOWS\SYSTEM32\CRYPTSP.dll
0x00007ffc89a10000 - 0x00007ffc89a4a000 	C:\WINDOWS\system32\rsaenh.dll
0x00007ffc8a0d0000 - 0x00007ffc8a0fb000 	C:\WINDOWS\SYSTEM32\USERENV.dll
0x00007ffc8aca0000 - 0x00007ffc8acca000 	C:\WINDOWS\SYSTEM32\bcrypt.dll
0x00007ffc8a300000 - 0x00007ffc8a30c000 	C:\WINDOWS\SYSTEM32\CRYPTBASE.dll
0x00007ffc8a5e0000 - 0x00007ffc8a614000 	C:\WINDOWS\SYSTEM32\IPHLPAPI.DLL
0x00007ffc8d5c0000 - 0x00007ffc8d5ca000 	C:\WINDOWS\System32\NSI.dll
0x00007ffc6f0f0000 - 0x00007ffc6f0f9000 	C:\Program Files\Java\jdk-21\bin\extnet.dll
0x00007ffc6d280000 - 0x00007ffc6d28e000 	C:\Program Files\Java\jdk-21\bin\sunmscapi.dll
0x00007ffc8b1e0000 - 0x00007ffc8b357000 	C:\WINDOWS\System32\CRYPT32.dll
0x00007ffc8a480000 - 0x00007ffc8a4b0000 	C:\WINDOWS\SYSTEM32\ncrypt.dll
0x00007ffc8a430000 - 0x00007ffc8a46f000 	C:\WINDOWS\SYSTEM32\NTASN1.dll
0x00007ffc59210000 - 0x00007ffc59218000 	C:\WINDOWS\system32\wshunix.dll

dbghelp: loaded successfully - version: 4.0.5 - missing functions: none
symbol engine: initialized successfully - sym options: 0x614 - pdb path: .;C:\Program Files\Java\jdk-21\bin;C:\WINDOWS\SYSTEM32;C:\WINDOWS\WinSxS\amd64_microsoft.windows.common-controls_6595b64144ccf1df_6.0.26100.7019_none_3e06ffa0e335b8a8;C:\Program Files (x86)\360\360Safe\safemon;C:\Program Files\Java\jdk-21\bin\server;C:\Users\Administrator\.gradle\native\c067742578af261105cb4f569cf0c3c89f3d7b1fecec35dd04571415982c5e48\windows-amd64;C:\Users\Administrator\.gradle\native\100fb08df4bc3b14c8652ba06237920a3bd2aa13389f12d3474272988ae205f9\windows-amd64

VM Arguments:
jvm_args: --add-opens=java.base/java.util=ALL-UNNAMED --add-opens=java.base/java.lang=ALL-UNNAMED --add-opens=java.base/java.lang.invoke=ALL-UNNAMED --add-opens=java.prefs/java.util.prefs=ALL-UNNAMED --add-exports=jdk.compiler/com.sun.tools.javac.api=ALL-UNNAMED --add-exports=jdk.compiler/com.sun.tools.javac.util=ALL-UNNAMED --add-opens=java.base/java.nio.charset=ALL-UNNAMED --add-opens=java.base/java.net=ALL-UNNAMED --add-opens=java.base/java.util.concurrent.atomic=ALL-UNNAMED -XX:MaxMetaspaceSize=384m -XX:+HeapDumpOnOutOfMemoryError -Xms256m -Xmx512m -Dfile.encoding=utf8 -Duser.country=CN -Duser.language=zh -Duser.variant -javaagent:C:\Users\Administrator\.gradle\wrapper\dists\gradle-8.9-bin\90cnw93cvbtalezasaz0blq0a\gradle-8.9\lib\agents\gradle-instrumentation-agent-8.9.jar 
java_command: org.gradle.launcher.daemon.bootstrap.GradleDaemon 8.9
java_class_path (initial): C:\Users\Administrator\.gradle\wrapper\dists\gradle-8.9-bin\90cnw93cvbtalezasaz0blq0a\gradle-8.9\lib\gradle-daemon-main-8.9.jar
Launcher Type: SUN_STANDARD

[Global flags]
     intx CICompilerCount                          = 12                                        {product} {ergonomic}
   size_t CompressedClassSpaceSize                 = 335544320                                 {product} {ergonomic}
     uint ConcGCThreads                            = 3                                         {product} {ergonomic}
     uint G1ConcRefinementThreads                  = 13                                        {product} {ergonomic}
   size_t G1HeapRegionSize                         = 1048576                                   {product} {ergonomic}
    uintx GCDrainStackTargetSize                   = 64                                        {product} {ergonomic}
     bool HeapDumpOnOutOfMemoryError               = true                                   {manageable} {command line}
   size_t InitialHeapSize                          = 268435456                                 {product} {command line}
   size_t MarkStackSize                            = 4194304                                   {product} {ergonomic}
   size_t MaxHeapSize                              = 536870912                                 {product} {command line}
   size_t MaxMetaspaceSize                         = 402653184                                 {product} {command line}
   size_t MaxNewSize                               = 321912832                                 {product} {ergonomic}
   size_t MinHeapDeltaBytes                        = 1048576                                   {product} {ergonomic}
   size_t MinHeapSize                              = 268435456                                 {product} {command line}
    uintx NonNMethodCodeHeapSize                   = 7602480                                {pd product} {ergonomic}
    uintx NonProfiledCodeHeapSize                  = 122027880                              {pd product} {ergonomic}
    uintx ProfiledCodeHeapSize                     = 122027880                              {pd product} {ergonomic}
    uintx ReservedCodeCacheSize                    = 251658240                              {pd product} {ergonomic}
     bool SegmentedCodeCache                       = true                                      {product} {ergonomic}
   size_t SoftMaxHeapSize                          = 536870912                              {manageable} {ergonomic}
     bool UseCompressedOops                        = true                           {product lp64_product} {ergonomic}
     bool UseG1GC                                  = true                                      {product} {ergonomic}
     bool UseLargePagesIndividualAllocation        = false                                  {pd product} {ergonomic}

Logging:
Log output configuration:
 #0: stdout all=warning uptime,level,tags foldmultilines=false
 #1: stderr all=off uptime,level,tags foldmultilines=false

Environment Variables:
JAVA_HOME=C:\Program Files\Java\jdk-21
PATH=C:\Program Files\Java\jdk-21\bin;C:\Users\Administrator\.trae-cn\tools\maven\latest\bin;C:\Users\Administrator\.trae-cn\tools\gradle\latest\bin;C:\Windows\System32\HWAudioDriver;C:\Windows\system32;C:\Windows;C:\Windows\System32\Wbem;C:\Windows\System32\WindowsPowerShell\v1.0\;C:\Windows\System32\OpenSSH\;C:\Users\Administrator\AppData\Local\Microsoft\WindowsApps;D:\DevEnviroment\;C:\Program Files\TortoiseGit\bin;C:\Program Files\Git\cmd;C:\WINDOWS\system32;C:\WINDOWS;C:\WINDOWS\System32\Wbem;C:\WINDOWS\System32\WindowsPowerShell\v1.0\;C:\WINDOWS\System32\OpenSSH\;C:\Program Files\Java\jdk-21\bin;c:\Users\Administrator\AppData\Local\Programs\Trae CN\bin;C:\Users\Administrator\AppData\Local\Microsoft\WindowsApps;C:\Users\Administrator\AppData\Roaming\npm;C:\Users\Administrator\AppData\Local\Programs\Microsoft VS Code\bin;C:\Users\Administrator\AppData\Local\Programs\Kiro\bin;c:\Users\Administrator\AppData\Local\Programs\Trae CN\resources\app\bin\lib
USERNAME=Administrator
OS=Windows_NT
PROCESSOR_IDENTIFIER=Intel64 Family 6 Model 186 Stepping 2, GenuineIntel
TMP=C:\Users\ADMINI~1\AppData\Local\Temp
TEMP=C:\Users\ADMINI~1\AppData\Local\Temp




Periodic native trim disabled

---------------  S Y S T E M  ---------------

OS:
 Windows 11 , 64 bit Build 26100 (10.0.26100.7019)
OS uptime: 22 days 16:47 hours
Hyper-V role detected

CPU: total 16 (initial active 16) (8 cores per cpu, 2 threads per core) family 6 model 186 stepping 2 microcode 0x4111, cx8, cmov, fxsr, ht, mmx, 3dnowpref, sse, sse2, sse3, ssse3, sse4.1, sse4.2, popcnt, lzcnt, tsc, tscinvbit, avx, avx2, aes, erms, clmul, bmi1, bmi2, adx, sha, fma, vzeroupper, clflush, clflushopt, clwb, hv, serialize, rdtscp, rdpid, fsrm, f16c, cet_ibt, cet_ss
Processor Information for processor 0
  Max Mhz: 2600, Current Mhz: 2600, Mhz Limit: 2600
Processor Information for processor 1
  Max Mhz: 2600, Current Mhz: 2600, Mhz Limit: 2600
Processor Information for processor 2
  Max Mhz: 2600, Current Mhz: 2600, Mhz Limit: 2600
Processor Information for processor 3
  Max Mhz: 2600, Current Mhz: 2600, Mhz Limit: 2600
Processor Information for processor 4
  Max Mhz: 2600, Current Mhz: 2600, Mhz Limit: 2600
Processor Information for processor 5
  Max Mhz: 2600, Current Mhz: 2600, Mhz Limit: 2600
Processor Information for processor 6
  Max Mhz: 2600, Current Mhz: 2600, Mhz Limit: 2600
Processor Information for processor 7
  Max Mhz: 2600, Current Mhz: 2600, Mhz Limit: 2600
Processor Information for processor 8
  Max Mhz: 2600, Current Mhz: 1900, Mhz Limit: 1898
Processor Information for processor 9
  Max Mhz: 2600, Current Mhz: 1900, Mhz Limit: 1898
Processor Information for processor 10
  Max Mhz: 2600, Current Mhz: 1900, Mhz Limit: 1898
Processor Information for processor 11
  Max Mhz: 2600, Current Mhz: 1900, Mhz Limit: 1898
Processor Information for processor 12
  Max Mhz: 2600, Current Mhz: 1900, Mhz Limit: 1898
Processor Information for processor 13
  Max Mhz: 2600, Current Mhz: 1900, Mhz Limit: 1898
Processor Information for processor 14
  Max Mhz: 2600, Current Mhz: 1900, Mhz Limit: 1898
Processor Information for processor 15
  Max Mhz: 2600, Current Mhz: 1900, Mhz Limit: 1898

Memory: 4k page, system-wide physical 16105M (1053M free)
TotalPageFile size 41705M (AvailPageFile size 134M)
current process WorkingSet (physical memory assigned to process): 146M, peak: 148M
current process commit charge ("private bytes"): 395M, peak: 396M

vm_info: Java HotSpot(TM) 64-Bit Server VM (21.0.9+7-LTS-338) for windows-amd64 JRE (21.0.9+7-LTS-338), built on 2025-09-26T06:33:49Z by "mach5run" with MS VC++ 17.6 (VS2022)

END.
